2024-12-18 16:40:31 INFO  RestaurantOrderManagementSystem:13 - Initializing Log4j
2024-12-18 16:40:31 DEBUG RestaurantOrderManagementSystem:21 -  Main Method Started..
2024-12-18 16:40:32 INFO  RestaurantOrderManagementSystem:38 - Display Dishes Under Specific Menu Type...
2024-12-18 16:40:36 INFO  RestaurantOrderManagementSystem:13 - Initializing Log4j
2024-12-18 16:40:36 DEBUG RestaurantOrderManagementSystem:21 -  Main Method Started..
2024-12-18 16:40:37 INFO  RestaurantOrderManagementSystem:38 - Display Dishes Under Specific Menu Type...
2024-12-18 16:40:56 INFO  RestaurantOrderManagementSystem:753 - Admin Logged in Successfully...
2024-12-18 16:40:56 INFO  RestaurantOrderManagementSystem:65 - Logged In Successfully
2024-12-18 16:40:56 INFO  RestaurantOrderManagementSystem:246 - User Validated Successfully.....
2024-12-18 16:40:59 INFO  RestaurantOrderManagementSystem:486 - Entering into Dish Menu..
2024-12-18 16:41:01 INFO  RestaurantOrderManagementSystem:527 - Display All Dishes Under Specific Menu...
2024-12-18 16:41:08 INFO  RestaurantOrderManagementSystem:500 - Exiting Dish Menu!!
2024-12-18 16:41:14 INFO  RestaurantOrderManagementSystem:13 - Initializing Log4j
2024-12-18 16:41:14 DEBUG RestaurantOrderManagementSystem:21 -  Main Method Started..
2024-12-18 16:41:15 INFO  RestaurantOrderManagementSystem:38 - Display Dishes Under Specific Menu Type...
2024-12-18 16:41:29 INFO  RestaurantOrderManagementSystem:757 - Login Failed!!!
2024-12-18 16:41:29 INFO  RestaurantOrderManagementSystem:71 - Login Failed !!!!
2024-12-18 16:59:03 INFO  RestaurantOrderManagementSystem:13 - Initializing Log4j
2024-12-18 16:59:03 DEBUG RestaurantOrderManagementSystem:21 -  Main Method Started..
2024-12-18 16:59:04 INFO  RestaurantOrderManagementSystem:38 - Display Dishes Under Specific Menu Type...
2024-12-18 16:59:18 INFO  RestaurantOrderManagementSystem:753 - Admin Logged in Successfully...
2024-12-18 16:59:18 INFO  RestaurantOrderManagementSystem:65 - Logged In Successfully
2024-12-18 16:59:18 INFO  RestaurantOrderManagementSystem:246 - User Validated Successfully.....
2024-12-18 16:59:21 INFO  RestaurantOrderManagementSystem:343 - Entering into staff Menu...
2024-12-18 16:59:22 INFO  RestaurantOrderManagementSystem:366 - Displaying staff Details...
2024-12-18 17:03:15 INFO  RestaurantOrderManagementSystem:13 - Initializing Log4j
2024-12-18 17:03:15 DEBUG RestaurantOrderManagementSystem:21 -  Main Method Started..
2024-12-18 17:03:16 INFO  RestaurantOrderManagementSystem:38 - Display Dishes Under Specific Menu Type...
2024-12-18 17:03:30 INFO  RestaurantOrderManagementSystem:753 - Admin Logged in Successfully...
2024-12-18 17:03:30 INFO  RestaurantOrderManagementSystem:65 - Logged In Successfully
2024-12-18 17:03:30 INFO  RestaurantOrderManagementSystem:246 - User Validated Successfully.....
2024-12-18 17:03:32 INFO  RestaurantOrderManagementSystem:343 - Entering into staff Menu...
2024-12-18 17:03:33 INFO  RestaurantOrderManagementSystem:366 - Displaying staff Details...
2024-12-18 17:03:50 INFO  RestaurantOrderManagementSystem:13 - Initializing Log4j
2024-12-18 17:03:50 DEBUG RestaurantOrderManagementSystem:21 -  Main Method Started..
2024-12-18 17:03:51 INFO  RestaurantOrderManagementSystem:38 - Display Dishes Under Specific Menu Type...
2024-12-18 17:04:07 INFO  RestaurantOrderManagementSystem:753 - Admin Logged in Successfully...
2024-12-18 17:04:07 INFO  RestaurantOrderManagementSystem:65 - Logged In Successfully
2024-12-18 17:04:07 INFO  RestaurantOrderManagementSystem:246 - User Validated Successfully.....
2024-12-18 17:04:09 INFO  RestaurantOrderManagementSystem:343 - Entering into staff Menu...
2024-12-18 17:04:10 INFO  RestaurantOrderManagementSystem:366 - Displaying staff Details...
2024-12-18 17:04:10 INFO  RestaurantOrderManagementSystem:376 - Staff Details Found...
2024-12-18 17:07:42 INFO  RestaurantOrderManagementSystem:13 - Initializing Log4j
2024-12-18 17:07:42 DEBUG RestaurantOrderManagementSystem:21 -  Main Method Started..
2024-12-18 17:07:43 INFO  RestaurantOrderManagementSystem:38 - Display Dishes Under Specific Menu Type...
2024-12-18 17:08:00 INFO  RestaurantOrderManagementSystem:13 - Initializing Log4j
2024-12-18 17:08:00 DEBUG RestaurantOrderManagementSystem:21 -  Main Method Started..
2024-12-18 17:08:01 INFO  RestaurantOrderManagementSystem:38 - Display Dishes Under Specific Menu Type...
2024-12-18 17:08:46 INFO  RestaurantOrderManagementSystem:805 - Registration Successfull...
2024-12-18 17:37:48 INFO  RestaurantOrderManagementSystem:753 - Admin Logged in Successfully...
2024-12-18 17:37:48 INFO  RestaurantOrderManagementSystem:139 - Logged In Successfully
2024-12-18 17:37:48 INFO  RestaurantOrderManagementSystem:246 - User Validated Successfully.....
2024-12-18 17:37:50 INFO  RestaurantOrderManagementSystem:343 - Entering into staff Menu...
2024-12-18 17:37:53 INFO  RestaurantOrderManagementSystem:366 - Displaying staff Details...
2024-12-18 17:37:53 INFO  RestaurantOrderManagementSystem:376 - Staff Details Found...
2024-12-18 17:38:19 INFO  RestaurantOrderManagementSystem:356 - Exiting Staff Menu
2024-12-18 17:38:24 INFO  RestaurantOrderManagementSystem:268 - Entering Into Customer Menu.....
2024-12-18 17:38:25 INFO  RestaurantOrderManagementSystem:290 - Display All Customer Details.....
2024-12-18 17:39:01 INFO  RestaurantOrderManagementSystem:13 - Initializing Log4j
2024-12-18 17:39:01 DEBUG RestaurantOrderManagementSystem:21 -  Main Method Started..
2024-12-18 17:39:02 INFO  RestaurantOrderManagementSystem:38 - Display Dishes Under Specific Menu Type...
2024-12-18 17:39:16 INFO  RestaurantOrderManagementSystem:753 - Admin Logged in Successfully...
2024-12-18 17:39:16 INFO  RestaurantOrderManagementSystem:65 - Logged In Successfully
2024-12-18 17:39:16 INFO  RestaurantOrderManagementSystem:246 - User Validated Successfully.....
2024-12-18 17:39:19 INFO  RestaurantOrderManagementSystem:268 - Entering Into Customer Menu.....
2024-12-18 17:39:19 INFO  RestaurantOrderManagementSystem:290 - Display All Customer Details.....
2024-12-18 17:39:31 INFO  RestaurantOrderManagementSystem:280 - Exiting From Customer Menu.....
2024-12-18 17:39:34 INFO  RestaurantOrderManagementSystem:343 - Entering into staff Menu...
2024-12-18 17:39:34 INFO  RestaurantOrderManagementSystem:366 - Displaying staff Details...
2024-12-18 17:39:34 INFO  RestaurantOrderManagementSystem:376 - Staff Details Found...
2024-12-18 17:41:17 INFO  RestaurantOrderManagementSystem:13 - Initializing Log4j
2024-12-18 17:41:17 DEBUG RestaurantOrderManagementSystem:21 -  Main Method Started..
2024-12-18 17:41:18 INFO  RestaurantOrderManagementSystem:38 - Display Dishes Under Specific Menu Type...
2024-12-18 17:41:30 INFO  RestaurantOrderManagementSystem:753 - Admin Logged in Successfully...
2024-12-18 17:41:30 INFO  RestaurantOrderManagementSystem:65 - Logged In Successfully
2024-12-18 17:41:30 INFO  RestaurantOrderManagementSystem:246 - User Validated Successfully.....
2024-12-18 17:41:33 INFO  RestaurantOrderManagementSystem:343 - Entering into staff Menu...
2024-12-18 17:41:34 INFO  RestaurantOrderManagementSystem:366 - Displaying staff Details...
2024-12-18 17:41:34 INFO  RestaurantOrderManagementSystem:376 - Staff Details Found...
2024-12-18 17:42:15 INFO  RestaurantOrderManagementSystem:13 - Initializing Log4j
2024-12-18 17:42:15 DEBUG RestaurantOrderManagementSystem:21 -  Main Method Started..
2024-12-18 17:42:16 INFO  RestaurantOrderManagementSystem:38 - Display Dishes Under Specific Menu Type...
2024-12-18 17:42:24 INFO  RestaurantOrderManagementSystem:13 - Initializing Log4j
2024-12-18 17:42:24 DEBUG RestaurantOrderManagementSystem:21 -  Main Method Started..
2024-12-18 17:42:25 INFO  RestaurantOrderManagementSystem:38 - Display Dishes Under Specific Menu Type...
2024-12-18 17:42:37 INFO  RestaurantOrderManagementSystem:753 - Admin Logged in Successfully...
2024-12-18 17:42:37 INFO  RestaurantOrderManagementSystem:65 - Logged In Successfully
2024-12-18 17:42:37 INFO  RestaurantOrderManagementSystem:246 - User Validated Successfully.....
2024-12-18 17:42:39 INFO  RestaurantOrderManagementSystem:343 - Entering into staff Menu...
2024-12-18 17:42:40 INFO  RestaurantOrderManagementSystem:366 - Displaying staff Details...
2024-12-18 17:42:40 INFO  RestaurantOrderManagementSystem:376 - Staff Details Found...
2024-12-18 17:42:43 INFO  RestaurantOrderManagementSystem:356 - Exiting Staff Menu
2024-12-18 17:42:44 INFO  RestaurantOrderManagementSystem:268 - Entering Into Customer Menu.....
2024-12-18 17:42:45 INFO  RestaurantOrderManagementSystem:290 - Display All Customer Details.....
2024-12-18 17:42:50 INFO  RestaurantOrderManagementSystem:311 - Searching Customer with Email...
2024-12-18 17:42:57 INFO  RestaurantOrderManagementSystem:311 - Searching Customer with Email...
2024-12-18 22:00:10 INFO  RestaurantOrderManagementSystem:13 - Initializing Log4j
2024-12-18 22:00:10 DEBUG RestaurantOrderManagementSystem:22 -  Main Method Started..
2024-12-18 22:00:11 INFO  RestaurantOrderManagementSystem:39 - Display Dishes Under Specific Menu Type...
2024-12-18 22:00:34 INFO  RestaurantOrderManagementSystem:13 - Initializing Log4j
2024-12-18 22:00:34 DEBUG RestaurantOrderManagementSystem:22 -  Main Method Started..
2024-12-18 22:00:35 INFO  RestaurantOrderManagementSystem:39 - Display Dishes Under Specific Menu Type...
2024-12-18 22:01:15 INFO  RestaurantOrderManagementSystem:803 - Registration Successfull...
2024-12-18 22:01:27 INFO  RestaurantOrderManagementSystem:755 - Login Failed!!!
2024-12-18 22:01:52 INFO  RestaurantOrderManagementSystem:755 - Login Failed!!!
2024-12-18 22:03:43 INFO  RestaurantOrderManagementSystem:13 - Initializing Log4j
2024-12-18 22:03:43 DEBUG RestaurantOrderManagementSystem:22 -  Main Method Started..
2024-12-18 22:03:43 INFO  RestaurantOrderManagementSystem:39 - Display Dishes Under Specific Menu Type...
2024-12-18 22:03:57 INFO  RestaurantOrderManagementSystem:751 - Admin Logged in Successfully...
2024-12-18 22:03:57 INFO  RestaurantOrderManagementSystem:66 - Logged In Successfully
2024-12-18 22:03:57 INFO  RestaurantOrderManagementSystem:244 - User Validated Successfully.....
2024-12-18 22:04:00 INFO  RestaurantOrderManagementSystem:341 - Entering into staff Menu...
2024-12-18 22:04:02 INFO  RestaurantOrderManagementSystem:397 - Deleting Staff...
2024-12-18 22:04:10 INFO  RestaurantOrderManagementSystem:406 - staff not deleted!!
2024-12-18 22:04:32 INFO  RestaurantOrderManagementSystem:13 - Initializing Log4j
2024-12-18 22:04:32 DEBUG RestaurantOrderManagementSystem:22 -  Main Method Started..
2024-12-18 22:04:33 INFO  RestaurantOrderManagementSystem:39 - Display Dishes Under Specific Menu Type...
2024-12-18 22:04:47 INFO  RestaurantOrderManagementSystem:755 - Login Failed!!!
2024-12-18 22:04:47 INFO  RestaurantOrderManagementSystem:72 - Login Failed !!!!
2024-12-18 22:05:05 INFO  RestaurantOrderManagementSystem:751 - Admin Logged in Successfully...
2024-12-18 22:05:05 INFO  RestaurantOrderManagementSystem:66 - Logged In Successfully
2024-12-18 22:05:05 INFO  RestaurantOrderManagementSystem:244 - User Validated Successfully.....
2024-12-18 22:05:07 INFO  RestaurantOrderManagementSystem:341 - Entering into staff Menu...
2024-12-18 22:05:10 INFO  RestaurantOrderManagementSystem:364 - Displaying staff Details...
2024-12-18 22:05:10 INFO  RestaurantOrderManagementSystem:374 - Staff Details Found...
2024-12-18 22:05:13 INFO  RestaurantOrderManagementSystem:397 - Deleting Staff...
2024-12-18 22:05:19 INFO  RestaurantOrderManagementSystem:403 - Staff Deleted...
2024-12-18 22:05:21 INFO  RestaurantOrderManagementSystem:364 - Displaying staff Details...
2024-12-18 22:05:21 INFO  RestaurantOrderManagementSystem:374 - Staff Details Found...
2024-12-18 22:05:32 INFO  RestaurantOrderManagementSystem:359 - Registering New Staff....
2024-12-18 22:05:56 INFO  RestaurantOrderManagementSystem:803 - Registration Successfull...
2024-12-18 22:06:02 INFO  RestaurantOrderManagementSystem:354 - Exiting Staff Menu
2024-12-18 22:06:04 INFO  RestaurantOrderManagementSystem:257 - Logging Out....
2024-12-18 22:06:10 INFO  RestaurantOrderManagementSystem:13 - Initializing Log4j
2024-12-18 22:06:10 DEBUG RestaurantOrderManagementSystem:22 -  Main Method Started..
2024-12-18 22:06:11 INFO  RestaurantOrderManagementSystem:39 - Display Dishes Under Specific Menu Type...
2024-12-18 22:06:26 INFO  RestaurantOrderManagementSystem:747 - Cashier Logged In Successfully...
2024-12-18 22:06:26 INFO  RestaurantOrderManagementSystem:66 - Logged In Successfully
2024-12-18 22:06:28 INFO  RestaurantOrderManagementSystem:671 - Displaying all Orders...
2024-12-18 22:06:31 INFO  RestaurantOrderManagementSystem:698 - Displaying Order By Table No...
2024-12-18 22:06:36 INFO  RestaurantOrderManagementSystem:721 - Generating Bill...
2024-12-18 22:06:44 INFO  RestaurantOrderManagementSystem:667 - Exiting Order Menu...
2024-12-18 22:06:48 INFO  RestaurantOrderManagementSystem:13 - Initializing Log4j
2024-12-18 22:06:48 DEBUG RestaurantOrderManagementSystem:22 -  Main Method Started..
2024-12-18 22:06:49 INFO  RestaurantOrderManagementSystem:39 - Display Dishes Under Specific Menu Type...
2024-12-18 22:07:04 INFO  RestaurantOrderManagementSystem:739 - Customer Logged in Successfully...
2024-12-18 22:07:04 INFO  RestaurantOrderManagementSystem:66 - Logged In Successfully
2024-12-18 22:07:04 INFO  RestaurantOrderManagementSystem:161 - User Validated Successfully.....
2024-12-18 22:07:07 INFO  RestaurantOrderManagementSystem:186 - Displaying Food Menu...
2024-12-18 22:07:22 INFO  RestaurantOrderManagementSystem:232 - Showing Bill...
2024-12-18 22:12:34 INFO  RestaurantOrderManagementSystem:13 - Initializing Log4j
2024-12-18 22:12:34 DEBUG RestaurantOrderManagementSystem:22 -  Main Method Started..
2024-12-18 22:12:35 INFO  RestaurantOrderManagementSystem:39 - Display Dishes Under Specific Menu Type...
2024-12-18 22:12:49 INFO  RestaurantOrderManagementSystem:739 - Customer Logged in Successfully...
2024-12-18 22:12:49 INFO  RestaurantOrderManagementSystem:66 - Logged In Successfully
2024-12-18 22:12:49 INFO  RestaurantOrderManagementSystem:161 - User Validated Successfully.....
2024-12-18 22:12:54 INFO  RestaurantOrderManagementSystem:199 - Reserving Table And Placing The Order...
2024-12-18 22:12:54 INFO  RestaurantOrderManagementSystem:228 - No Table is Available For Reservation.....
2024-12-18 22:15:01 INFO  RestaurantOrderManagementSystem:13 - Initializing Log4j
2024-12-18 22:15:01 DEBUG RestaurantOrderManagementSystem:22 -  Main Method Started..
2024-12-18 22:15:02 INFO  RestaurantOrderManagementSystem:39 - Display Dishes Under Specific Menu Type...
2024-12-18 22:16:06 INFO  RestaurantOrderManagementSystem:13 - Initializing Log4j
2024-12-18 22:16:06 DEBUG RestaurantOrderManagementSystem:22 -  Main Method Started..
2024-12-18 22:16:18 INFO  RestaurantOrderManagementSystem:734 - Customer Logged in Successfully...
2024-12-18 22:16:18 INFO  RestaurantOrderManagementSystem:61 - Logged In Successfully
2024-12-18 22:16:18 INFO  RestaurantOrderManagementSystem:156 - User Validated Successfully.....
2024-12-18 22:16:19 INFO  RestaurantOrderManagementSystem:194 - Reserving Table And Placing The Order...
2024-12-18 22:16:59 INFO  RestaurantOrderManagementSystem:216 - Order Placed SuccessFully....
2024-12-18 22:17:02 INFO  RestaurantOrderManagementSystem:227 - Showing Bill...
2024-12-20 11:51:21 INFO  RestaurantOrderManagementSystem:13 - Initializing Log4j
2024-12-20 11:51:21 DEBUG RestaurantOrderManagementSystem:22 -  Main Method Started..
2024-12-20 11:51:37 INFO  RestaurantOrderManagementSystem:735 - Customer Logged in Successfully...
2024-12-20 11:51:37 INFO  RestaurantOrderManagementSystem:61 - Logged In Successfully
2024-12-20 11:51:37 INFO  RestaurantOrderManagementSystem:156 - User Validated Successfully.....
2024-12-20 11:51:41 INFO  RestaurantOrderManagementSystem:228 - Showing Bill...
2024-12-20 11:51:49 INFO  RestaurantOrderManagementSystem:170 - Exiting .....
2024-12-20 11:51:56 INFO  RestaurantOrderManagementSystem:13 - Initializing Log4j
2024-12-20 11:51:56 DEBUG RestaurantOrderManagementSystem:22 -  Main Method Started..
2024-12-20 11:52:10 INFO  RestaurantOrderManagementSystem:743 - Cashier Logged In Successfully...
2024-12-20 11:52:10 INFO  RestaurantOrderManagementSystem:61 - Logged In Successfully
2024-12-20 11:52:13 INFO  RestaurantOrderManagementSystem:694 - Displaying Order By Table No...
2024-12-20 11:52:15 INFO  RestaurantOrderManagementSystem:702 - No Orders found for given TableNo
2024-12-20 11:52:18 INFO  RestaurantOrderManagementSystem:667 - Displaying all Orders...
2024-12-20 12:12:36 INFO  RestaurantOrderManagementSystem:717 - Generating Bill...
2024-12-20 13:00:50 INFO  RestaurantOrderManagementSystem:13 - Initializing Log4j
2024-12-20 13:00:50 DEBUG RestaurantOrderManagementSystem:22 -  Main Method Started..
2024-12-20 13:01:03 INFO  RestaurantOrderManagementSystem:735 - Customer Logged in Successfully...
2024-12-20 13:01:03 INFO  RestaurantOrderManagementSystem:61 - Logged In Successfully
2024-12-20 13:01:03 INFO  RestaurantOrderManagementSystem:156 - User Validated Successfully.....
2024-12-20 13:01:06 INFO  RestaurantOrderManagementSystem:228 - Showing Bill...
2024-12-20 13:02:12 INFO  RestaurantOrderManagementSystem:13 - Initializing Log4j
2024-12-20 13:02:12 DEBUG RestaurantOrderManagementSystem:22 -  Main Method Started..
2024-12-20 13:02:40 INFO  RestaurantOrderManagementSystem:735 - Customer Logged in Successfully...
2024-12-20 13:02:40 INFO  RestaurantOrderManagementSystem:61 - Logged In Successfully
2024-12-20 13:02:40 INFO  RestaurantOrderManagementSystem:156 - User Validated Successfully.....
2024-12-20 13:02:42 INFO  RestaurantOrderManagementSystem:228 - Showing Bill...
2024-12-22 10:57:16 INFO  RestaurantOrderManagementSystem:13 - Initializing Log4j
2024-12-22 10:57:16 INFO  RestaurantOrderManagementSystem:13 - Initializing Log4j
2024-12-22 10:57:16 DEBUG RestaurantOrderManagementSystem:22 -  Main Method Started..
2024-12-22 10:57:16 DEBUG RestaurantOrderManagementSystem:22 -  Main Method Started..
2024-12-22 10:57:22 INFO  RestaurantOrderManagementSystem:13 - Initializing Log4j
2024-12-22 10:57:22 DEBUG RestaurantOrderManagementSystem:22 -  Main Method Started..
2024-12-22 10:57:32 INFO  RestaurantOrderManagementSystem:13 - Initializing Log4j
2024-12-22 10:57:32 DEBUG RestaurantOrderManagementSystem:22 -  Main Method Started..
2024-12-22 10:57:44 INFO  RestaurantOrderManagementSystem:747 - Admin Logged in Successfully...
2024-12-22 10:57:44 INFO  RestaurantOrderManagementSystem:61 - Logged In Successfully
2024-12-22 10:57:44 INFO  RestaurantOrderManagementSystem:240 - User Validated Successfully.....
2024-12-22 11:01:48 INFO  RestaurantOrderManagementSystem:13 - Initializing Log4j
2024-12-22 11:01:48 DEBUG RestaurantOrderManagementSystem:22 -  Main Method Started..
2024-12-22 11:01:59 INFO  RestaurantOrderManagementSystem:747 - Admin Logged in Successfully...
2024-12-22 11:01:59 INFO  RestaurantOrderManagementSystem:61 - Logged In Successfully
2024-12-22 11:01:59 INFO  RestaurantOrderManagementSystem:240 - User Validated Successfully.....
2024-12-22 11:03:13 INFO  RestaurantOrderManagementSystem:13 - Initializing Log4j
2024-12-22 11:03:13 DEBUG RestaurantOrderManagementSystem:22 -  Main Method Started..
2024-12-22 11:03:24 INFO  RestaurantOrderManagementSystem:747 - Admin Logged in Successfully...
2024-12-22 11:03:24 INFO  RestaurantOrderManagementSystem:61 - Logged In Successfully
2024-12-22 11:03:24 INFO  RestaurantOrderManagementSystem:240 - User Validated Successfully.....
2024-12-22 11:09:21 INFO  RestaurantOrderManagementSystem:13 - Initializing Log4j
2024-12-22 11:09:21 DEBUG RestaurantOrderManagementSystem:22 -  Main Method Started..
2024-12-22 11:09:34 INFO  RestaurantOrderManagementSystem:747 - Admin Logged in Successfully...
2024-12-22 11:09:34 INFO  RestaurantOrderManagementSystem:61 - Logged In Successfully
2024-12-22 11:09:34 INFO  RestaurantOrderManagementSystem:240 - User Validated Successfully.....
2024-12-22 11:10:04 INFO  RestaurantOrderManagementSystem:262 - Entering Into Customer Menu.....
2024-12-22 11:10:09 INFO  RestaurantOrderManagementSystem:284 - Display All Customer Details.....
2024-12-22 11:10:15 INFO  RestaurantOrderManagementSystem:279 - Registering New Customer.....
2024-12-22 11:10:44 INFO  RestaurantOrderManagementSystem:774 - Registered Successfully....
2024-12-22 11:10:47 INFO  RestaurantOrderManagementSystem:284 - Display All Customer Details.....
2024-12-22 11:11:18 INFO  RestaurantOrderManagementSystem:274 - Exiting From Customer Menu.....
2024-12-22 11:11:24 INFO  RestaurantOrderManagementSystem:337 - Entering into staff Menu...
2024-12-22 11:11:25 INFO  RestaurantOrderManagementSystem:355 - Registering New Staff....
2024-12-22 11:11:46 INFO  RestaurantOrderManagementSystem:799 - Registration Successfull...
2024-12-22 11:11:48 INFO  RestaurantOrderManagementSystem:360 - Displaying staff Details...
2024-12-22 11:11:48 INFO  RestaurantOrderManagementSystem:370 - Staff Details Found...
2024-12-22 11:11:59 INFO  RestaurantOrderManagementSystem:379 - Searching Staff By Email..
2024-12-22 11:12:05 INFO  RestaurantOrderManagementSystem:385 - staff found...
2024-12-22 11:23:26 INFO  RestaurantOrderManagementSystem:13 - Initializing Log4j
2024-12-22 11:23:26 DEBUG RestaurantOrderManagementSystem:22 -  Main Method Started..
2024-12-22 11:23:43 INFO  RestaurantOrderManagementSystem:747 - Admin Logged in Successfully...
2024-12-22 11:23:43 INFO  RestaurantOrderManagementSystem:61 - Logged In Successfully
2024-12-22 11:23:43 INFO  RestaurantOrderManagementSystem:240 - User Validated Successfully.....
2024-12-22 11:23:44 INFO  RestaurantOrderManagementSystem:262 - Entering Into Customer Menu.....
2024-12-22 11:23:45 INFO  RestaurantOrderManagementSystem:279 - Registering New Customer.....
2024-12-22 11:26:38 INFO  RestaurantOrderManagementSystem:13 - Initializing Log4j
2024-12-22 11:26:38 DEBUG RestaurantOrderManagementSystem:22 -  Main Method Started..
2024-12-22 11:26:50 INFO  RestaurantOrderManagementSystem:747 - Admin Logged in Successfully...
2024-12-22 11:26:50 INFO  RestaurantOrderManagementSystem:61 - Logged In Successfully
2024-12-22 11:26:50 INFO  RestaurantOrderManagementSystem:240 - User Validated Successfully.....
2024-12-22 11:26:57 INFO  RestaurantOrderManagementSystem:413 - Entering Into Food Menu...
2024-12-22 11:27:00 INFO  RestaurantOrderManagementSystem:432 - Adding Food Menu Type...
2024-12-22 11:27:07 INFO  RestaurantOrderManagementSystem:442 - Displaying Food Menu..
2024-12-22 11:27:13 INFO  RestaurantOrderManagementSystem:426 - Exiting Food menu...
2024-12-22 11:27:15 INFO  RestaurantOrderManagementSystem:480 - Entering into Dish Menu..
2024-12-22 11:27:29 INFO  RestaurantOrderManagementSystem:500 - Adding Bulk Dishes By MenuType..
2024-12-22 11:27:44 INFO  RestaurantOrderManagementSystem:509 - Bulk Dishes Added in MenuType:Starters
2024-12-22 11:29:32 INFO  RestaurantOrderManagementSystem:521 - Display All Dishes Under Specific Menu...
2024-12-22 11:29:42 INFO  RestaurantOrderManagementSystem:494 - Exiting Dish Menu!!
2024-12-22 11:29:47 INFO  RestaurantOrderManagementSystem:577 - Entering Into Order Menu...
2024-12-22 11:29:50 INFO  RestaurantOrderManagementSystem:592 - Displaying all Orders...
2024-12-22 11:29:56 INFO  RestaurantOrderManagementSystem:619 - Displaying Order By Table No...
2024-12-22 11:30:00 INFO  RestaurantOrderManagementSystem:627 - No Orders found for given TableNo
2024-12-22 11:30:49 INFO  RestaurantOrderManagementSystem:13 - Initializing Log4j
2024-12-22 11:30:49 DEBUG RestaurantOrderManagementSystem:22 -  Main Method Started..
2024-12-22 11:31:03 INFO  RestaurantOrderManagementSystem:735 - Customer Logged in Successfully...
2024-12-22 11:31:03 INFO  RestaurantOrderManagementSystem:61 - Logged In Successfully
2024-12-22 11:31:03 INFO  RestaurantOrderManagementSystem:156 - User Validated Successfully.....
2024-12-22 11:31:05 INFO  RestaurantOrderManagementSystem:174 - Displaying Unoccupied Tables
2024-12-22 11:31:18 INFO  RestaurantOrderManagementSystem:182 - Displaying Food Menu...
2024-12-22 11:43:43 INFO  RestaurantOrderManagementSystem:195 - Reserving Table And Placing The Order...
2024-12-22 11:44:10 INFO  RestaurantOrderManagementSystem:217 - Order Placed SuccessFully....
2024-12-22 11:44:16 INFO  RestaurantOrderManagementSystem:170 - Exiting .....
2024-12-22 11:44:20 INFO  RestaurantOrderManagementSystem:13 - Initializing Log4j
2024-12-22 11:44:20 DEBUG RestaurantOrderManagementSystem:22 -  Main Method Started..
2024-12-22 11:44:55 INFO  RestaurantOrderManagementSystem:739 - Staff Logged In Successfully...
2024-12-22 11:44:55 INFO  RestaurantOrderManagementSystem:61 - Logged In Successfully
2024-12-22 11:44:55 INFO  RestaurantOrderManagementSystem:156 - User Validated Successfully.....
2024-12-22 11:45:10 INFO  RestaurantOrderManagementSystem:13 - Initializing Log4j
2024-12-22 11:45:10 DEBUG RestaurantOrderManagementSystem:22 -  Main Method Started..
2024-12-22 11:45:23 INFO  RestaurantOrderManagementSystem:743 - Cashier Logged In Successfully...
2024-12-22 11:45:23 INFO  RestaurantOrderManagementSystem:61 - Logged In Successfully
2024-12-22 11:45:26 INFO  RestaurantOrderManagementSystem:717 - Generating Bill...
2024-12-23 10:11:16 INFO  RestaurantOrderManagementSystem:14 - Initializing Log4j
2024-12-23 10:11:16 DEBUG RestaurantOrderManagementSystem:25 -  Main Method Started..
2024-12-23 10:11:45 INFO  RestaurantOrderManagementSystem:14 - Initializing Log4j
2024-12-23 10:11:45 DEBUG RestaurantOrderManagementSystem:25 -  Main Method Started..
2024-12-23 10:13:38 INFO  RestaurantOrderManagementSystem:14 - Initializing Log4j
2024-12-23 10:13:38 DEBUG RestaurantOrderManagementSystem:25 -  Main Method Started..
2024-12-23 10:15:11 INFO  RestaurantOrderManagementSystem:14 - Initializing Log4j
2024-12-23 10:15:11 DEBUG RestaurantOrderManagementSystem:25 -  Main Method Started..
2024-12-23 10:16:16 INFO  RestaurantOrderManagementSystem:14 - Initializing Log4j
2024-12-23 10:16:16 DEBUG RestaurantOrderManagementSystem:25 -  Main Method Started..
2024-12-23 10:18:05 INFO  RestaurantOrderManagementSystem:14 - Initializing Log4j
2024-12-23 10:18:05 DEBUG RestaurantOrderManagementSystem:25 -  Main Method Started..
2024-12-23 10:19:13 INFO  RestaurantOrderManagementSystem:14 - Initializing Log4j
2024-12-23 10:19:13 DEBUG RestaurantOrderManagementSystem:25 -  Main Method Started..
2024-12-23 10:24:00 INFO  RestaurantOrderManagementSystem:14 - Initializing Log4j
2024-12-23 10:24:00 DEBUG RestaurantOrderManagementSystem:25 -  Main Method Started..
2024-12-23 10:28:01 INFO  RestaurantOrderManagementSystem:14 - Initializing Log4j
2024-12-23 10:28:01 DEBUG RestaurantOrderManagementSystem:25 -  Main Method Started..
2024-12-23 10:29:08 INFO  RestaurantOrderManagementSystem:14 - Initializing Log4j
2024-12-23 10:29:08 DEBUG RestaurantOrderManagementSystem:25 -  Main Method Started..
2024-12-23 10:30:50 INFO  RestaurantOrderManagementSystem:14 - Initializing Log4j
2024-12-23 10:30:50 DEBUG RestaurantOrderManagementSystem:25 -  Main Method Started..
2024-12-23 10:31:00 INFO  RestaurantOrderManagementSystem:14 - Initializing Log4j
2024-12-23 10:31:00 DEBUG RestaurantOrderManagementSystem:25 -  Main Method Started..
2024-12-23 10:32:27 INFO  RestaurantOrderManagementSystem:14 - Initializing Log4j
2024-12-23 10:32:27 DEBUG RestaurantOrderManagementSystem:25 -  Main Method Started..
2024-12-23 10:32:36 INFO  RestaurantOrderManagementSystem:14 - Initializing Log4j
2024-12-23 10:32:36 DEBUG RestaurantOrderManagementSystem:25 -  Main Method Started..
2024-12-23 10:33:30 INFO  RestaurantOrderManagementSystem:813 - Registration Successfull...
2024-12-23 10:33:40 INFO  RestaurantOrderManagementSystem:742 - Staff Logged In Successfully...
2024-12-23 10:33:40 INFO  RestaurantOrderManagementSystem:129 - Logged In Successfully
2024-12-23 10:33:40 INFO  RestaurantOrderManagementSystem:159 - User Validated Successfully.....
2024-12-23 14:48:10 INFO  RestaurantOrderManagementSystem:14 - Initializing Log4j
2024-12-23 14:48:10 DEBUG RestaurantOrderManagementSystem:25 -  Main Method Started..
2024-12-23 14:48:36 INFO  RestaurantOrderManagementSystem:14 - Initializing Log4j
2024-12-23 14:48:36 DEBUG RestaurantOrderManagementSystem:25 -  Main Method Started..
2024-12-23 14:51:43 INFO  RestaurantOrderManagementSystem:14 - Initializing Log4j
2024-12-23 14:51:43 DEBUG RestaurantOrderManagementSystem:25 -  Main Method Started..
2024-12-23 14:52:29 INFO  RestaurantOrderManagementSystem:14 - Initializing Log4j
2024-12-23 14:52:29 DEBUG RestaurantOrderManagementSystem:25 -  Main Method Started..
2024-12-23 14:53:38 INFO  RestaurantOrderManagementSystem:783 - Registered Successfully....
2024-12-23 14:54:30 INFO  RestaurantOrderManagementSystem:736 - Customer Logged in Successfully...
2024-12-23 14:54:30 INFO  RestaurantOrderManagementSystem:100 - Logged in Successfully
2024-12-23 14:54:30 INFO  RestaurantOrderManagementSystem:159 - User Validated Successfully.....
2024-12-23 15:13:42 INFO  RestaurantOrderManagementSystem:14 - Initializing Log4j
2024-12-23 15:13:42 DEBUG RestaurantOrderManagementSystem:25 -  Main Method Started..
2024-12-23 15:13:54 INFO  RestaurantOrderManagementSystem:747 - Admin Logged in Successfully...
2024-12-23 15:13:54 INFO  RestaurantOrderManagementSystem:64 - Logged In Successfully
2024-12-23 15:13:54 INFO  RestaurantOrderManagementSystem:241 - User Validated Successfully.....
2024-12-23 15:13:56 INFO  RestaurantOrderManagementSystem:338 - Entering into staff Menu...
2024-12-23 15:13:57 INFO  RestaurantOrderManagementSystem:356 - Registering New Staff....
2024-12-23 15:18:56 INFO  RestaurantOrderManagementSystem:14 - Initializing Log4j
2024-12-23 15:18:56 DEBUG RestaurantOrderManagementSystem:25 -  Main Method Started..
2024-12-23 15:19:12 INFO  RestaurantOrderManagementSystem:751 - Login Failed!!!
2024-12-23 15:19:12 INFO  RestaurantOrderManagementSystem:70 - Login Failed !!!!
2024-12-23 15:23:07 INFO  RestaurantOrderManagementSystem:751 - Login Failed!!!
2024-12-23 15:23:07 INFO  RestaurantOrderManagementSystem:70 - Login Failed !!!!
2024-12-23 15:23:24 INFO  RestaurantOrderManagementSystem:735 - Customer Logged in Successfully...
2024-12-23 15:23:24 INFO  RestaurantOrderManagementSystem:64 - Logged In Successfully
2024-12-23 15:23:24 INFO  RestaurantOrderManagementSystem:158 - User Validated Successfully.....
2024-12-23 15:26:46 INFO  RestaurantOrderManagementSystem:197 - Reserving Table And Placing The Order...
2024-12-23 15:27:40 INFO  RestaurantOrderManagementSystem:219 - Order Placed SuccessFully....
2024-12-23 15:27:43 INFO  RestaurantOrderManagementSystem:230 - Showing Bill...
2024-12-23 15:27:46 INFO  RestaurantOrderManagementSystem:172 - Exiting .....
2024-12-23 15:27:50 INFO  RestaurantOrderManagementSystem:14 - Initializing Log4j
2024-12-23 15:27:50 DEBUG RestaurantOrderManagementSystem:25 -  Main Method Started..
2024-12-23 15:28:05 INFO  RestaurantOrderManagementSystem:743 - Cashier Logged In Successfully...
2024-12-23 15:28:05 INFO  RestaurantOrderManagementSystem:64 - Logged In Successfully
2024-12-23 15:28:08 INFO  RestaurantOrderManagementSystem:695 - Displaying Order By Table No...
2024-12-23 15:28:16 INFO  RestaurantOrderManagementSystem:718 - Generating Bill...
2024-12-23 16:16:40 INFO  RestaurantOrderManagementSystem:14 - Initializing Log4j
2024-12-23 16:16:40 DEBUG RestaurantOrderManagementSystem:25 -  Main Method Started..
2024-12-23 16:17:00 INFO  RestaurantOrderManagementSystem:746 - Customer Logged in Successfully...
2024-12-23 16:17:00 INFO  RestaurantOrderManagementSystem:64 - Logged In Successfully
2024-12-23 16:17:00 INFO  RestaurantOrderManagementSystem:158 - User Validated Successfully.....
2024-12-23 16:17:02 INFO  RestaurantOrderManagementSystem:229 - Showing Bill...
2024-12-23 16:18:05 INFO  RestaurantOrderManagementSystem:14 - Initializing Log4j
2024-12-23 16:18:05 DEBUG RestaurantOrderManagementSystem:25 -  Main Method Started..
2024-12-23 16:18:24 INFO  RestaurantOrderManagementSystem:763 - Login Failed!!!
2024-12-23 16:18:24 INFO  RestaurantOrderManagementSystem:70 - Login Failed !!!!
2024-12-23 16:18:38 INFO  RestaurantOrderManagementSystem:747 - Customer Logged in Successfully...
2024-12-23 16:18:38 INFO  RestaurantOrderManagementSystem:64 - Logged In Successfully
2024-12-23 16:18:38 INFO  RestaurantOrderManagementSystem:158 - User Validated Successfully.....
2024-12-23 16:18:40 INFO  RestaurantOrderManagementSystem:230 - Showing Bill...
2024-12-23 16:19:50 INFO  RestaurantOrderManagementSystem:14 - Initializing Log4j
2024-12-23 16:19:50 DEBUG RestaurantOrderManagementSystem:25 -  Main Method Started..
2024-12-23 16:20:07 INFO  RestaurantOrderManagementSystem:748 - Customer Logged in Successfully...
2024-12-23 16:20:07 INFO  RestaurantOrderManagementSystem:64 - Logged In Successfully
2024-12-23 16:20:07 INFO  RestaurantOrderManagementSystem:158 - User Validated Successfully.....
2024-12-23 16:20:08 INFO  RestaurantOrderManagementSystem:230 - Showing Bill...
2024-12-23 16:21:00 INFO  RestaurantOrderManagementSystem:14 - Initializing Log4j
2024-12-23 16:21:00 DEBUG RestaurantOrderManagementSystem:25 -  Main Method Started..
2024-12-23 16:21:19 INFO  RestaurantOrderManagementSystem:748 - Customer Logged in Successfully...
2024-12-23 16:21:19 INFO  RestaurantOrderManagementSystem:64 - Logged In Successfully
2024-12-23 16:21:19 INFO  RestaurantOrderManagementSystem:158 - User Validated Successfully.....
2024-12-23 16:21:20 INFO  RestaurantOrderManagementSystem:197 - Reserving Table And Placing The Order...
2024-12-23 16:21:59 INFO  RestaurantOrderManagementSystem:219 - Order Placed SuccessFully....
2024-12-23 16:22:01 INFO  RestaurantOrderManagementSystem:230 - Showing Bill...
2024-12-23 21:56:22 INFO  RestaurantOrderManagementSystem:14 - Initializing Log4j
2024-12-23 21:56:22 DEBUG RestaurantOrderManagementSystem:25 -  Main Method Started..
2024-12-23 21:56:36 INFO  RestaurantOrderManagementSystem:768 - Cashier Logged In Successfully...
2024-12-23 21:56:36 INFO  RestaurantOrderManagementSystem:64 - Logged In Successfully
2024-12-23 21:56:48 INFO  RestaurantOrderManagementSystem:738 - Complete Payment Process....
2024-12-23 21:57:06 INFO  RestaurantOrderManagementSystem:731 - Generating Bill...
2024-12-23 21:57:14 INFO  RestaurantOrderManagementSystem:738 - Complete Payment Process....
2024-12-23 22:02:48 INFO  RestaurantOrderManagementSystem:14 - Initializing Log4j
2024-12-23 22:02:48 DEBUG RestaurantOrderManagementSystem:25 -  Main Method Started..
2024-12-23 22:03:02 INFO  RestaurantOrderManagementSystem:768 - Cashier Logged In Successfully...
2024-12-23 22:03:02 INFO  RestaurantOrderManagementSystem:64 - Logged In Successfully
2024-12-23 22:03:06 INFO  RestaurantOrderManagementSystem:731 - Generating Bill...
2024-12-23 22:03:11 INFO  RestaurantOrderManagementSystem:738 - Complete Payment Process....
2024-12-23 22:06:03 INFO  RestaurantOrderManagementSystem:14 - Initializing Log4j
2024-12-23 22:06:03 DEBUG RestaurantOrderManagementSystem:25 -  Main Method Started..
2024-12-23 22:06:26 INFO  RestaurantOrderManagementSystem:768 - Cashier Logged In Successfully...
2024-12-23 22:06:26 INFO  RestaurantOrderManagementSystem:64 - Logged In Successfully
2024-12-23 22:06:31 INFO  RestaurantOrderManagementSystem:738 - Complete Payment Process....
2024-12-23 22:10:56 INFO  RestaurantOrderManagementSystem:14 - Initializing Log4j
2024-12-23 22:10:56 DEBUG RestaurantOrderManagementSystem:25 -  Main Method Started..
2024-12-23 22:11:09 INFO  RestaurantOrderManagementSystem:776 - Login Failed!!!
2024-12-23 22:11:09 INFO  RestaurantOrderManagementSystem:70 - Login Failed !!!!
2024-12-23 22:11:38 INFO  RestaurantOrderManagementSystem:14 - Initializing Log4j
2024-12-23 22:11:38 DEBUG RestaurantOrderManagementSystem:25 -  Main Method Started..
2024-12-23 22:12:04 INFO  RestaurantOrderManagementSystem:760 - Customer Logged in Successfully...
2024-12-23 22:12:04 INFO  RestaurantOrderManagementSystem:64 - Logged In Successfully
2024-12-23 22:12:04 INFO  RestaurantOrderManagementSystem:158 - User Validated Successfully.....
2024-12-23 22:12:07 INFO  RestaurantOrderManagementSystem:197 - Reserving Table And Placing The Order...
2024-12-23 22:12:25 INFO  RestaurantOrderManagementSystem:14 - Initializing Log4j
2024-12-23 22:12:25 DEBUG RestaurantOrderManagementSystem:25 -  Main Method Started..
2024-12-23 22:12:40 INFO  RestaurantOrderManagementSystem:760 - Customer Logged in Successfully...
2024-12-23 22:12:40 INFO  RestaurantOrderManagementSystem:64 - Logged In Successfully
2024-12-23 22:12:40 INFO  RestaurantOrderManagementSystem:158 - User Validated Successfully.....
2024-12-23 22:12:42 INFO  RestaurantOrderManagementSystem:197 - Reserving Table And Placing The Order...
2024-12-23 22:13:07 INFO  RestaurantOrderManagementSystem:219 - Order Placed SuccessFully....
2024-12-23 22:13:10 INFO  RestaurantOrderManagementSystem:230 - Showing Bill...
2024-12-23 22:14:39 INFO  RestaurantOrderManagementSystem:14 - Initializing Log4j
2024-12-23 22:14:39 DEBUG RestaurantOrderManagementSystem:25 -  Main Method Started..
2024-12-23 22:14:55 INFO  RestaurantOrderManagementSystem:760 - Customer Logged in Successfully...
2024-12-23 22:14:55 INFO  RestaurantOrderManagementSystem:64 - Logged In Successfully
2024-12-23 22:14:55 INFO  RestaurantOrderManagementSystem:158 - User Validated Successfully.....
2024-12-23 22:14:58 INFO  RestaurantOrderManagementSystem:230 - Showing Bill...
2024-12-23 22:16:29 INFO  RestaurantOrderManagementSystem:14 - Initializing Log4j
2024-12-23 22:16:29 DEBUG RestaurantOrderManagementSystem:25 -  Main Method Started..
2024-12-23 22:16:44 INFO  RestaurantOrderManagementSystem:760 - Customer Logged in Successfully...
2024-12-23 22:16:44 INFO  RestaurantOrderManagementSystem:64 - Logged In Successfully
2024-12-23 22:16:44 INFO  RestaurantOrderManagementSystem:158 - User Validated Successfully.....
2024-12-23 22:16:47 INFO  RestaurantOrderManagementSystem:230 - Showing Bill...
2024-12-23 22:17:28 INFO  RestaurantOrderManagementSystem:14 - Initializing Log4j
2024-12-23 22:17:28 DEBUG RestaurantOrderManagementSystem:25 -  Main Method Started..
2024-12-23 22:17:44 INFO  RestaurantOrderManagementSystem:760 - Customer Logged in Successfully...
2024-12-23 22:17:44 INFO  RestaurantOrderManagementSystem:64 - Logged In Successfully
2024-12-23 22:17:44 INFO  RestaurantOrderManagementSystem:158 - User Validated Successfully.....
2024-12-23 22:17:45 INFO  RestaurantOrderManagementSystem:230 - Showing Bill...
2024-12-23 22:22:39 INFO  RestaurantOrderManagementSystem:14 - Initializing Log4j
2024-12-23 22:22:39 DEBUG RestaurantOrderManagementSystem:25 -  Main Method Started..
2024-12-23 22:22:53 INFO  RestaurantOrderManagementSystem:760 - Customer Logged in Successfully...
2024-12-23 22:22:53 INFO  RestaurantOrderManagementSystem:64 - Logged In Successfully
2024-12-23 22:22:53 INFO  RestaurantOrderManagementSystem:158 - User Validated Successfully.....
2024-12-23 22:22:58 INFO  RestaurantOrderManagementSystem:230 - Showing Bill...
2024-12-23 22:23:59 INFO  RestaurantOrderManagementSystem:14 - Initializing Log4j
2024-12-23 22:23:59 DEBUG RestaurantOrderManagementSystem:25 -  Main Method Started..
2024-12-23 22:24:15 INFO  RestaurantOrderManagementSystem:760 - Customer Logged in Successfully...
2024-12-23 22:24:15 INFO  RestaurantOrderManagementSystem:64 - Logged In Successfully
2024-12-23 22:24:15 INFO  RestaurantOrderManagementSystem:158 - User Validated Successfully.....
2024-12-23 22:24:17 INFO  RestaurantOrderManagementSystem:230 - Showing Bill...
2024-12-23 22:24:43 INFO  RestaurantOrderManagementSystem:14 - Initializing Log4j
2024-12-23 22:24:43 DEBUG RestaurantOrderManagementSystem:25 -  Main Method Started..
2024-12-23 22:25:00 INFO  RestaurantOrderManagementSystem:760 - Customer Logged in Successfully...
2024-12-23 22:25:00 INFO  RestaurantOrderManagementSystem:64 - Logged In Successfully
2024-12-23 22:25:00 INFO  RestaurantOrderManagementSystem:158 - User Validated Successfully.....
2024-12-23 22:25:02 INFO  RestaurantOrderManagementSystem:230 - Showing Bill...
2024-12-23 22:25:12 INFO  RestaurantOrderManagementSystem:172 - Exiting .....
2024-12-23 22:25:17 INFO  RestaurantOrderManagementSystem:14 - Initializing Log4j
2024-12-23 22:25:17 DEBUG RestaurantOrderManagementSystem:25 -  Main Method Started..
2024-12-23 22:25:35 INFO  RestaurantOrderManagementSystem:768 - Cashier Logged In Successfully...
2024-12-23 22:25:35 INFO  RestaurantOrderManagementSystem:64 - Logged In Successfully
2024-12-23 22:25:39 INFO  RestaurantOrderManagementSystem:731 - Generating Bill...
2024-12-23 22:30:22 INFO  RestaurantOrderManagementSystem:677 - Exiting Order Menu...
2024-12-23 22:30:30 INFO  RestaurantOrderManagementSystem:14 - Initializing Log4j
2024-12-23 22:30:30 DEBUG RestaurantOrderManagementSystem:25 -  Main Method Started..
2024-12-23 22:30:44 INFO  RestaurantOrderManagementSystem:760 - Customer Logged in Successfully...
2024-12-23 22:30:44 INFO  RestaurantOrderManagementSystem:64 - Logged In Successfully
2024-12-23 22:30:44 INFO  RestaurantOrderManagementSystem:158 - User Validated Successfully.....
2024-12-23 22:30:47 INFO  RestaurantOrderManagementSystem:230 - Showing Bill...
2024-12-23 22:34:46 INFO  RestaurantOrderManagementSystem:14 - Initializing Log4j
2024-12-23 22:34:46 DEBUG RestaurantOrderManagementSystem:25 -  Main Method Started..
2024-12-23 22:35:32 INFO  RestaurantOrderManagementSystem:760 - Customer Logged in Successfully...
2024-12-23 22:35:32 INFO  RestaurantOrderManagementSystem:64 - Logged In Successfully
2024-12-23 22:35:32 INFO  RestaurantOrderManagementSystem:158 - User Validated Successfully.....
2024-12-23 22:35:36 INFO  RestaurantOrderManagementSystem:197 - Reserving Table And Placing The Order...
2024-12-23 22:36:17 INFO  RestaurantOrderManagementSystem:219 - Order Placed SuccessFully....
2024-12-23 22:36:19 INFO  RestaurantOrderManagementSystem:230 - Showing Bill...
2024-12-23 22:36:38 INFO  RestaurantOrderManagementSystem:172 - Exiting .....
2024-12-23 22:36:42 INFO  RestaurantOrderManagementSystem:14 - Initializing Log4j
2024-12-23 22:36:42 DEBUG RestaurantOrderManagementSystem:25 -  Main Method Started..
2024-12-23 22:37:04 INFO  RestaurantOrderManagementSystem:768 - Cashier Logged In Successfully...
2024-12-23 22:37:04 INFO  RestaurantOrderManagementSystem:64 - Logged In Successfully
2024-12-23 22:37:08 INFO  RestaurantOrderManagementSystem:731 - Generating Bill...
2024-12-23 22:37:13 INFO  RestaurantOrderManagementSystem:738 - Complete Payment Process....
2024-12-23 22:37:21 INFO  RestaurantOrderManagementSystem:708 - Displaying Order By Table No...
2024-12-23 22:37:31 INFO  RestaurantOrderManagementSystem:677 - Exiting Order Menu...
2024-12-23 22:54:10 INFO  RestaurantOrderManagementSystem:14 - Initializing Log4j
2024-12-23 22:54:10 DEBUG RestaurantOrderManagementSystem:25 -  Main Method Started..
2024-12-23 22:54:23 INFO  RestaurantOrderManagementSystem:764 - Customer Logged in Successfully...
2024-12-23 22:54:23 INFO  RestaurantOrderManagementSystem:64 - Logged In Successfully
2024-12-23 22:54:23 INFO  RestaurantOrderManagementSystem:158 - User Validated Successfully.....
2024-12-23 22:54:26 INFO  RestaurantOrderManagementSystem:197 - Reserving Table And Placing The Order...
2024-12-23 22:54:35 INFO  RestaurantOrderManagementSystem:197 - Reserving Table And Placing The Order...
2024-12-23 22:55:08 INFO  RestaurantOrderManagementSystem:14 - Initializing Log4j
2024-12-23 22:55:08 DEBUG RestaurantOrderManagementSystem:25 -  Main Method Started..
2024-12-23 22:55:22 INFO  RestaurantOrderManagementSystem:764 - Customer Logged in Successfully...
2024-12-23 22:55:22 INFO  RestaurantOrderManagementSystem:64 - Logged In Successfully
2024-12-23 22:55:22 INFO  RestaurantOrderManagementSystem:158 - User Validated Successfully.....
2024-12-23 22:55:24 INFO  RestaurantOrderManagementSystem:197 - Reserving Table And Placing The Order...
2024-12-23 22:55:37 INFO  RestaurantOrderManagementSystem:197 - Reserving Table And Placing The Order...
2024-12-23 22:56:56 INFO  RestaurantOrderManagementSystem:14 - Initializing Log4j
2024-12-23 22:56:56 DEBUG RestaurantOrderManagementSystem:25 -  Main Method Started..
2024-12-23 22:57:11 INFO  RestaurantOrderManagementSystem:764 - Customer Logged in Successfully...
2024-12-23 22:57:11 INFO  RestaurantOrderManagementSystem:64 - Logged In Successfully
2024-12-23 22:57:11 INFO  RestaurantOrderManagementSystem:158 - User Validated Successfully.....
2024-12-23 22:57:13 INFO  RestaurantOrderManagementSystem:197 - Reserving Table And Placing The Order...
2024-12-23 22:59:07 INFO  RestaurantOrderManagementSystem:14 - Initializing Log4j
2024-12-23 22:59:07 DEBUG RestaurantOrderManagementSystem:25 -  Main Method Started..
2024-12-23 22:59:21 INFO  RestaurantOrderManagementSystem:765 - Customer Logged in Successfully...
2024-12-23 22:59:21 INFO  RestaurantOrderManagementSystem:64 - Logged In Successfully
2024-12-23 22:59:21 INFO  RestaurantOrderManagementSystem:158 - User Validated Successfully.....
2024-12-23 22:59:23 INFO  RestaurantOrderManagementSystem:197 - Reserving Table And Placing The Order...
2024-12-23 23:00:47 INFO  RestaurantOrderManagementSystem:14 - Initializing Log4j
2024-12-23 23:00:47 DEBUG RestaurantOrderManagementSystem:25 -  Main Method Started..
2024-12-23 23:01:00 INFO  RestaurantOrderManagementSystem:765 - Customer Logged in Successfully...
2024-12-23 23:01:00 INFO  RestaurantOrderManagementSystem:64 - Logged In Successfully
2024-12-23 23:01:00 INFO  RestaurantOrderManagementSystem:158 - User Validated Successfully.....
2024-12-23 23:01:03 INFO  RestaurantOrderManagementSystem:197 - Reserving Table And Placing The Order...
2024-12-23 23:04:53 INFO  RestaurantOrderManagementSystem:14 - Initializing Log4j
2024-12-23 23:04:53 DEBUG RestaurantOrderManagementSystem:25 -  Main Method Started..
2024-12-23 23:05:07 INFO  RestaurantOrderManagementSystem:765 - Customer Logged in Successfully...
2024-12-23 23:05:07 INFO  RestaurantOrderManagementSystem:64 - Logged In Successfully
2024-12-23 23:05:07 INFO  RestaurantOrderManagementSystem:158 - User Validated Successfully.....
2024-12-23 23:05:09 INFO  RestaurantOrderManagementSystem:197 - Reserving Table And Placing The Order...
2024-12-23 23:05:19 INFO  RestaurantOrderManagementSystem:197 - Reserving Table And Placing The Order...
2024-12-23 23:05:24 INFO  RestaurantOrderManagementSystem:197 - Reserving Table And Placing The Order...
2024-12-23 23:05:48 INFO  RestaurantOrderManagementSystem:220 - Order Placed SuccessFully....
2024-12-23 23:05:51 INFO  RestaurantOrderManagementSystem:235 - Showing Bill...
2024-12-23 23:06:03 INFO  RestaurantOrderManagementSystem:172 - Exiting .....
2024-12-23 23:06:06 INFO  RestaurantOrderManagementSystem:14 - Initializing Log4j
2024-12-23 23:06:06 DEBUG RestaurantOrderManagementSystem:25 -  Main Method Started..
2024-12-23 23:06:19 INFO  RestaurantOrderManagementSystem:773 - Cashier Logged In Successfully...
2024-12-23 23:06:19 INFO  RestaurantOrderManagementSystem:64 - Logged In Successfully
2024-12-23 23:06:26 INFO  RestaurantOrderManagementSystem:743 - Complete Payment Process....
2024-12-23 23:06:35 INFO  RestaurantOrderManagementSystem:736 - Generating Bill...
2024-12-23 23:06:41 INFO  RestaurantOrderManagementSystem:743 - Complete Payment Process....
2024-12-24 13:03:12 INFO  RestaurantOrderManagementSystem:14 - Initializing Log4j
2024-12-24 13:03:12 DEBUG RestaurantOrderManagementSystem:25 -  Main Method Started..
2024-12-24 13:03:28 INFO  RestaurantOrderManagementSystem:768 - Customer Logged in Successfully...
2024-12-24 13:03:28 INFO  RestaurantOrderManagementSystem:66 - Logged In Successfully
2024-12-24 13:03:28 INFO  RestaurantOrderManagementSystem:160 - User Validated Successfully.....
2024-12-24 13:03:30 INFO  RestaurantOrderManagementSystem:199 - Reserving Table And Placing The Order...
2024-12-24 13:04:05 INFO  RestaurantOrderManagementSystem:223 - Order Placed SuccessFully....
2024-12-24 13:04:07 INFO  RestaurantOrderManagementSystem:238 - Showing Bill...
2024-12-24 13:04:24 INFO  RestaurantOrderManagementSystem:174 - Exiting .....
2024-12-24 13:04:28 INFO  RestaurantOrderManagementSystem:14 - Initializing Log4j
2024-12-24 13:04:28 DEBUG RestaurantOrderManagementSystem:25 -  Main Method Started..
2024-12-24 13:04:41 INFO  RestaurantOrderManagementSystem:776 - Cashier Logged In Successfully...
2024-12-24 13:04:41 INFO  RestaurantOrderManagementSystem:66 - Logged In Successfully
2024-12-24 13:04:45 INFO  RestaurantOrderManagementSystem:746 - Complete Payment Process....
2024-12-24 13:04:50 INFO  RestaurantOrderManagementSystem:739 - Generating Bill...
2024-12-24 13:04:54 INFO  RestaurantOrderManagementSystem:746 - Complete Payment Process....
2024-12-24 13:05:20 INFO  RestaurantOrderManagementSystem:746 - Complete Payment Process....
2024-12-24 13:08:35 INFO  RestaurantOrderManagementSystem:14 - Initializing Log4j
2024-12-24 13:08:35 DEBUG RestaurantOrderManagementSystem:25 -  Main Method Started..
2024-12-24 13:08:49 INFO  RestaurantOrderManagementSystem:776 - Cashier Logged In Successfully...
2024-12-24 13:08:49 INFO  RestaurantOrderManagementSystem:66 - Logged In Successfully
2024-12-24 13:08:52 INFO  RestaurantOrderManagementSystem:739 - Generating Bill...
2024-12-24 13:08:58 INFO  RestaurantOrderManagementSystem:746 - Complete Payment Process....
2024-12-24 13:10:21 INFO  RestaurantOrderManagementSystem:14 - Initializing Log4j
2024-12-24 13:10:21 DEBUG RestaurantOrderManagementSystem:25 -  Main Method Started..
2024-12-24 13:10:36 INFO  RestaurantOrderManagementSystem:776 - Cashier Logged In Successfully...
2024-12-24 13:10:36 INFO  RestaurantOrderManagementSystem:66 - Logged In Successfully
2024-12-24 13:10:39 INFO  RestaurantOrderManagementSystem:746 - Complete Payment Process....
2024-12-24 13:10:58 INFO  RestaurantOrderManagementSystem:14 - Initializing Log4j
2024-12-24 13:10:58 DEBUG RestaurantOrderManagementSystem:25 -  Main Method Started..
2024-12-24 13:11:16 INFO  RestaurantOrderManagementSystem:776 - Cashier Logged In Successfully...
2024-12-24 13:11:16 INFO  RestaurantOrderManagementSystem:66 - Logged In Successfully
2024-12-24 13:11:18 INFO  RestaurantOrderManagementSystem:746 - Complete Payment Process....
2024-12-24 13:12:39 INFO  RestaurantOrderManagementSystem:14 - Initializing Log4j
2024-12-24 13:12:39 DEBUG RestaurantOrderManagementSystem:25 -  Main Method Started..
2024-12-24 13:12:51 INFO  RestaurantOrderManagementSystem:776 - Cashier Logged In Successfully...
2024-12-24 13:12:51 INFO  RestaurantOrderManagementSystem:66 - Logged In Successfully
2024-12-24 13:12:53 INFO  RestaurantOrderManagementSystem:746 - Complete Payment Process....
2024-12-24 13:14:48 INFO  RestaurantOrderManagementSystem:14 - Initializing Log4j
2024-12-24 13:14:48 DEBUG RestaurantOrderManagementSystem:25 -  Main Method Started..
2024-12-24 13:15:01 INFO  RestaurantOrderManagementSystem:776 - Cashier Logged In Successfully...
2024-12-24 13:15:01 INFO  RestaurantOrderManagementSystem:66 - Logged In Successfully
2024-12-24 13:15:03 INFO  RestaurantOrderManagementSystem:746 - Complete Payment Process....
2024-12-24 13:17:18 INFO  RestaurantOrderManagementSystem:14 - Initializing Log4j
2024-12-24 13:17:18 DEBUG RestaurantOrderManagementSystem:25 -  Main Method Started..
2024-12-24 13:17:30 INFO  RestaurantOrderManagementSystem:776 - Cashier Logged In Successfully...
2024-12-24 13:17:30 INFO  RestaurantOrderManagementSystem:66 - Logged In Successfully
2024-12-24 13:17:32 INFO  RestaurantOrderManagementSystem:746 - Complete Payment Process....
2024-12-24 13:18:24 INFO  RestaurantOrderManagementSystem:14 - Initializing Log4j
2024-12-24 13:18:24 DEBUG RestaurantOrderManagementSystem:25 -  Main Method Started..
2024-12-24 13:18:36 INFO  RestaurantOrderManagementSystem:777 - Cashier Logged In Successfully...
2024-12-24 13:18:36 INFO  RestaurantOrderManagementSystem:66 - Logged In Successfully
2024-12-24 13:18:37 INFO  RestaurantOrderManagementSystem:746 - Complete Payment Process....
2024-12-24 13:19:49 INFO  RestaurantOrderManagementSystem:14 - Initializing Log4j
2024-12-24 13:19:49 DEBUG RestaurantOrderManagementSystem:25 -  Main Method Started..
2024-12-24 13:20:10 INFO  RestaurantOrderManagementSystem:770 - Customer Logged in Successfully...
2024-12-24 13:20:10 INFO  RestaurantOrderManagementSystem:66 - Logged In Successfully
2024-12-24 13:20:10 INFO  RestaurantOrderManagementSystem:160 - User Validated Successfully.....
2024-12-24 13:20:14 INFO  RestaurantOrderManagementSystem:238 - Showing Bill...
2024-12-24 13:23:51 INFO  RestaurantOrderManagementSystem:14 - Initializing Log4j
2024-12-24 13:23:51 DEBUG RestaurantOrderManagementSystem:25 -  Main Method Started..
2024-12-24 13:24:09 INFO  RestaurantOrderManagementSystem:778 - Cashier Logged In Successfully...
2024-12-24 13:24:09 INFO  RestaurantOrderManagementSystem:66 - Logged In Successfully
2024-12-24 13:24:14 INFO  RestaurantOrderManagementSystem:747 - Complete Payment Process....
2024-12-24 15:09:04 INFO  RestaurantOrderManagementSystem:14 - Initializing Log4j
2024-12-24 15:09:04 DEBUG RestaurantOrderManagementSystem:25 -  Main Method Started..
2024-12-24 15:09:21 INFO  RestaurantOrderManagementSystem:778 - Cashier Logged In Successfully...
2024-12-24 15:09:21 INFO  RestaurantOrderManagementSystem:66 - Logged In Successfully
2024-12-24 15:09:24 INFO  RestaurantOrderManagementSystem:740 - Generating Bill...
2024-12-24 15:09:29 INFO  RestaurantOrderManagementSystem:747 - Complete Payment Process....
2024-12-24 15:13:59 INFO  RestaurantOrderManagementSystem:14 - Initializing Log4j
2024-12-24 15:13:59 DEBUG RestaurantOrderManagementSystem:25 -  Main Method Started..
2024-12-24 15:14:13 INFO  RestaurantOrderManagementSystem:770 - Customer Logged in Successfully...
2024-12-24 15:14:13 INFO  RestaurantOrderManagementSystem:66 - Logged In Successfully
2024-12-24 15:14:13 INFO  RestaurantOrderManagementSystem:160 - User Validated Successfully.....
2024-12-24 15:14:20 INFO  RestaurantOrderManagementSystem:199 - Reserving Table And Placing The Order...
2024-12-24 15:14:41 INFO  RestaurantOrderManagementSystem:223 - Order Placed SuccessFully....
2024-12-24 15:14:44 INFO  RestaurantOrderManagementSystem:238 - Showing Bill...
2024-12-24 15:14:49 INFO  RestaurantOrderManagementSystem:174 - Exiting .....
2024-12-24 15:14:54 INFO  RestaurantOrderManagementSystem:14 - Initializing Log4j
2024-12-24 15:14:54 DEBUG RestaurantOrderManagementSystem:25 -  Main Method Started..
2024-12-24 15:15:06 INFO  RestaurantOrderManagementSystem:778 - Cashier Logged In Successfully...
2024-12-24 15:15:06 INFO  RestaurantOrderManagementSystem:66 - Logged In Successfully
2024-12-24 15:15:13 INFO  RestaurantOrderManagementSystem:740 - Generating Bill...
2024-12-24 15:15:17 INFO  RestaurantOrderManagementSystem:747 - Complete Payment Process....
2024-12-24 15:18:46 INFO  RestaurantOrderManagementSystem:14 - Initializing Log4j
2024-12-24 15:18:46 DEBUG RestaurantOrderManagementSystem:25 -  Main Method Started..
2024-12-24 15:19:00 INFO  RestaurantOrderManagementSystem:786 - Login Failed!!!
2024-12-24 15:19:00 INFO  RestaurantOrderManagementSystem:72 - Login Failed !!!!
2024-12-24 15:19:14 INFO  RestaurantOrderManagementSystem:778 - Cashier Logged In Successfully...
2024-12-24 15:19:14 INFO  RestaurantOrderManagementSystem:66 - Logged In Successfully
2024-12-24 15:19:16 INFO  RestaurantOrderManagementSystem:740 - Generating Bill...
2024-12-24 15:19:19 INFO  RestaurantOrderManagementSystem:747 - Complete Payment Process....
2024-12-24 15:20:48 INFO  RestaurantOrderManagementSystem:14 - Initializing Log4j
2024-12-24 15:20:48 DEBUG RestaurantOrderManagementSystem:25 -  Main Method Started..
2024-12-24 15:21:03 INFO  RestaurantOrderManagementSystem:770 - Customer Logged in Successfully...
2024-12-24 15:21:03 INFO  RestaurantOrderManagementSystem:66 - Logged In Successfully
2024-12-24 15:21:03 INFO  RestaurantOrderManagementSystem:160 - User Validated Successfully.....
2024-12-24 15:21:08 INFO  RestaurantOrderManagementSystem:199 - Reserving Table And Placing The Order...
2024-12-24 15:21:39 INFO  RestaurantOrderManagementSystem:223 - Order Placed SuccessFully....
2024-12-24 15:21:57 INFO  RestaurantOrderManagementSystem:238 - Showing Bill...
2024-12-24 15:22:05 INFO  RestaurantOrderManagementSystem:174 - Exiting .....
2024-12-24 15:22:08 INFO  RestaurantOrderManagementSystem:14 - Initializing Log4j
2024-12-24 15:22:08 DEBUG RestaurantOrderManagementSystem:25 -  Main Method Started..
2024-12-24 15:22:19 INFO  RestaurantOrderManagementSystem:778 - Cashier Logged In Successfully...
2024-12-24 15:22:19 INFO  RestaurantOrderManagementSystem:66 - Logged In Successfully
2024-12-24 15:22:21 INFO  RestaurantOrderManagementSystem:740 - Generating Bill...
2024-12-24 15:22:24 INFO  RestaurantOrderManagementSystem:747 - Complete Payment Process....
2024-12-24 15:31:00 INFO  RestaurantOrderManagementSystem:14 - Initializing Log4j
2024-12-24 15:31:00 DEBUG RestaurantOrderManagementSystem:26 -  Main Method Started..
2024-12-24 15:31:15 INFO  RestaurantOrderManagementSystem:769 - Customer Logged in Successfully...
2024-12-24 15:31:15 INFO  RestaurantOrderManagementSystem:65 - Logged In Successfully
2024-12-24 15:31:15 INFO  RestaurantOrderManagementSystem:159 - User Validated Successfully.....
2024-12-24 15:31:19 INFO  RestaurantOrderManagementSystem:198 - Reserving Table And Placing The Order...
2024-12-24 15:31:58 INFO  RestaurantOrderManagementSystem:222 - Order Placed SuccessFully....
2024-12-24 15:32:01 INFO  RestaurantOrderManagementSystem:237 - Showing Bill...
2024-12-24 15:32:05 INFO  RestaurantOrderManagementSystem:173 - Exiting .....
2024-12-24 15:32:08 INFO  RestaurantOrderManagementSystem:14 - Initializing Log4j
2024-12-24 15:32:08 DEBUG RestaurantOrderManagementSystem:26 -  Main Method Started..
2024-12-24 15:32:25 INFO  RestaurantOrderManagementSystem:777 - Cashier Logged In Successfully...
2024-12-24 15:32:25 INFO  RestaurantOrderManagementSystem:65 - Logged In Successfully
2024-12-24 15:32:27 INFO  RestaurantOrderManagementSystem:739 - Generating Bill...
2024-12-24 15:32:30 INFO  RestaurantOrderManagementSystem:746 - Complete Payment Process....
2024-12-24 22:50:38 INFO  RestaurantOrderManagementSystem:14 - Initializing Log4j
2024-12-24 22:50:38 DEBUG RestaurantOrderManagementSystem:26 -  Main Method Started..
2024-12-24 22:50:51 INFO  RestaurantOrderManagementSystem:777 - Cashier Logged In Successfully...
2024-12-24 22:50:51 INFO  RestaurantOrderManagementSystem:65 - Logged In Successfully
2024-12-24 22:50:53 INFO  RestaurantOrderManagementSystem:739 - Generating Bill...
2024-12-24 22:51:02 INFO  RestaurantOrderManagementSystem:746 - Complete Payment Process....
2024-12-24 22:55:04 INFO  RestaurantOrderManagementSystem:14 - Initializing Log4j
2024-12-24 22:55:04 DEBUG RestaurantOrderManagementSystem:26 -  Main Method Started..
2024-12-24 22:55:16 INFO  RestaurantOrderManagementSystem:782 - Customer Logged in Successfully...
2024-12-24 22:55:16 INFO  RestaurantOrderManagementSystem:65 - Logged In Successfully
2024-12-24 22:55:16 INFO  RestaurantOrderManagementSystem:159 - User Validated Successfully.....
2024-12-24 22:55:20 INFO  RestaurantOrderManagementSystem:237 - Showing Bill...
2024-12-24 22:56:26 INFO  RestaurantOrderManagementSystem:14 - Initializing Log4j
2024-12-24 22:56:26 DEBUG RestaurantOrderManagementSystem:26 -  Main Method Started..
2024-12-24 22:56:38 INFO  RestaurantOrderManagementSystem:782 - Customer Logged in Successfully...
2024-12-24 22:56:38 INFO  RestaurantOrderManagementSystem:65 - Logged In Successfully
2024-12-24 22:56:38 INFO  RestaurantOrderManagementSystem:159 - User Validated Successfully.....
2024-12-24 22:56:40 INFO  RestaurantOrderManagementSystem:198 - Reserving Table And Placing The Order...
2024-12-24 22:57:01 INFO  RestaurantOrderManagementSystem:222 - Order Placed SuccessFully....
2024-12-24 22:57:05 INFO  RestaurantOrderManagementSystem:237 - Showing Bill...
2024-12-24 22:57:10 INFO  RestaurantOrderManagementSystem:254 - Complete Payment Process....
2024-12-24 22:58:28 INFO  RestaurantOrderManagementSystem:14 - Initializing Log4j
2024-12-24 22:58:28 DEBUG RestaurantOrderManagementSystem:26 -  Main Method Started..
2024-12-24 22:58:44 INFO  RestaurantOrderManagementSystem:782 - Customer Logged in Successfully...
2024-12-24 22:58:44 INFO  RestaurantOrderManagementSystem:65 - Logged In Successfully
2024-12-24 22:58:44 INFO  RestaurantOrderManagementSystem:159 - User Validated Successfully.....
2024-12-24 22:58:46 INFO  RestaurantOrderManagementSystem:198 - Reserving Table And Placing The Order...
2024-12-24 22:59:25 INFO  RestaurantOrderManagementSystem:222 - Order Placed SuccessFully....
2024-12-24 22:59:32 INFO  RestaurantOrderManagementSystem:237 - Showing Bill...
2024-12-24 22:59:39 INFO  RestaurantOrderManagementSystem:254 - Complete Payment Process....
2024-12-24 23:01:06 INFO  RestaurantOrderManagementSystem:14 - Initializing Log4j
2024-12-24 23:01:06 DEBUG RestaurantOrderManagementSystem:26 -  Main Method Started..
2024-12-24 23:01:18 INFO  RestaurantOrderManagementSystem:783 - Customer Logged in Successfully...
2024-12-24 23:01:18 INFO  RestaurantOrderManagementSystem:65 - Logged In Successfully
2024-12-24 23:01:18 INFO  RestaurantOrderManagementSystem:159 - User Validated Successfully.....
2024-12-24 23:01:20 INFO  RestaurantOrderManagementSystem:198 - Reserving Table And Placing The Order...
2024-12-24 23:01:45 INFO  RestaurantOrderManagementSystem:222 - Order Placed SuccessFully....
2024-12-24 23:23:50 INFO  RestaurantOrderManagementSystem:14 - Initializing Log4j
2024-12-24 23:23:50 DEBUG RestaurantOrderManagementSystem:26 -  Main Method Started..
2024-12-24 23:24:08 INFO  RestaurantOrderManagementSystem:784 - Customer Logged in Successfully...
2024-12-24 23:24:08 INFO  RestaurantOrderManagementSystem:65 - Logged In Successfully
2024-12-24 23:24:08 INFO  RestaurantOrderManagementSystem:159 - User Validated Successfully.....
2024-12-24 23:24:10 INFO  RestaurantOrderManagementSystem:198 - Reserving Table And Placing The Order...
2024-12-24 23:24:51 INFO  RestaurantOrderManagementSystem:224 - Order Placed SuccessFully....
2024-12-24 23:26:54 INFO  RestaurantOrderManagementSystem:14 - Initializing Log4j
2024-12-24 23:26:54 DEBUG RestaurantOrderManagementSystem:26 -  Main Method Started..
2024-12-24 23:28:08 INFO  RestaurantOrderManagementSystem:832 - Registered Successfully....
2024-12-24 23:28:23 INFO  RestaurantOrderManagementSystem:784 - Customer Logged in Successfully...
2024-12-24 23:28:23 INFO  RestaurantOrderManagementSystem:100 - Logged in Successfully
2024-12-24 23:28:23 INFO  RestaurantOrderManagementSystem:159 - User Validated Successfully.....
2024-12-24 23:28:26 INFO  RestaurantOrderManagementSystem:198 - Reserving Table And Placing The Order...
2024-12-24 23:29:55 INFO  RestaurantOrderManagementSystem:224 - Order Placed SuccessFully....
2024-12-24 23:29:57 INFO  RestaurantOrderManagementSystem:239 - Showing Bill...
2024-12-24 23:30:14 INFO  RestaurantOrderManagementSystem:256 - Complete Payment Process....
2024-12-24 23:33:16 INFO  RestaurantOrderManagementSystem:14 - Initializing Log4j
2024-12-24 23:33:16 DEBUG RestaurantOrderManagementSystem:26 -  Main Method Started..
2024-12-24 23:33:36 INFO  RestaurantOrderManagementSystem:783 - Customer Logged in Successfully...
2024-12-24 23:33:36 INFO  RestaurantOrderManagementSystem:65 - Logged In Successfully
2024-12-24 23:33:36 INFO  RestaurantOrderManagementSystem:159 - User Validated Successfully.....
2024-12-24 23:33:42 INFO  RestaurantOrderManagementSystem:238 - Showing Bill...
2024-12-24 23:33:45 INFO  RestaurantOrderManagementSystem:198 - Reserving Table And Placing The Order...
2024-12-24 23:34:14 INFO  RestaurantOrderManagementSystem:223 - Order Placed SuccessFully....
2024-12-24 23:34:18 INFO  RestaurantOrderManagementSystem:238 - Showing Bill...
2024-12-24 23:34:31 INFO  RestaurantOrderManagementSystem:255 - Complete Payment Process....
2024-12-24 23:41:42 INFO  RestaurantOrderManagementSystem:14 - Initializing Log4j
2024-12-24 23:41:42 DEBUG RestaurantOrderManagementSystem:26 -  Main Method Started..
2024-12-24 23:41:56 INFO  RestaurantOrderManagementSystem:787 - Customer Logged in Successfully...
2024-12-24 23:41:56 INFO  RestaurantOrderManagementSystem:65 - Logged In Successfully
2024-12-24 23:41:56 INFO  RestaurantOrderManagementSystem:159 - User Validated Successfully.....
2024-12-24 23:41:58 INFO  RestaurantOrderManagementSystem:199 - Reserving Table And Placing The Order...
2024-12-24 23:42:23 INFO  RestaurantOrderManagementSystem:227 - Order Placed SuccessFully....
2024-12-24 23:42:25 INFO  RestaurantOrderManagementSystem:242 - Showing Bill...
2024-12-24 23:46:43 INFO  RestaurantOrderManagementSystem:14 - Initializing Log4j
2024-12-24 23:46:43 DEBUG RestaurantOrderManagementSystem:26 -  Main Method Started..
2024-12-24 23:46:58 INFO  RestaurantOrderManagementSystem:787 - Customer Logged in Successfully...
2024-12-24 23:46:58 INFO  RestaurantOrderManagementSystem:65 - Logged In Successfully
2024-12-24 23:46:58 INFO  RestaurantOrderManagementSystem:159 - User Validated Successfully.....
2024-12-24 23:47:00 INFO  RestaurantOrderManagementSystem:199 - Reserving Table And Placing The Order...
2024-12-24 23:47:22 INFO  RestaurantOrderManagementSystem:228 - Order Placed SuccessFully....
2024-12-24 23:48:07 INFO  RestaurantOrderManagementSystem:14 - Initializing Log4j
2024-12-24 23:48:07 DEBUG RestaurantOrderManagementSystem:26 -  Main Method Started..
2024-12-24 23:48:26 INFO  RestaurantOrderManagementSystem:788 - Customer Logged in Successfully...
2024-12-24 23:48:26 INFO  RestaurantOrderManagementSystem:65 - Logged In Successfully
2024-12-24 23:48:26 INFO  RestaurantOrderManagementSystem:159 - User Validated Successfully.....
2024-12-24 23:48:28 INFO  RestaurantOrderManagementSystem:199 - Reserving Table And Placing The Order...
2024-12-24 23:48:42 INFO  RestaurantOrderManagementSystem:229 - Order Placed SuccessFully....
2024-12-24 23:48:46 INFO  RestaurantOrderManagementSystem:244 - Showing Bill...
2024-12-25 09:56:25 INFO  RestaurantOrderManagementSystem:14 - Initializing Log4j
2024-12-25 09:56:25 DEBUG RestaurantOrderManagementSystem:26 -  Main Method Started..
2024-12-25 09:56:37 INFO  RestaurantOrderManagementSystem:768 - Customer Logged in Successfully...
2024-12-25 09:56:37 INFO  RestaurantOrderManagementSystem:65 - Logged In Successfully
2024-12-25 09:56:37 INFO  RestaurantOrderManagementSystem:159 - User Validated Successfully.....
2024-12-25 09:56:39 INFO  RestaurantOrderManagementSystem:199 - Reserving Table And Placing The Order...
2024-12-25 09:57:02 INFO  RestaurantOrderManagementSystem:222 - Order Placed SuccessFully....
2024-12-25 09:57:05 INFO  RestaurantOrderManagementSystem:237 - Showing Bill...
2024-12-25 09:57:09 INFO  RestaurantOrderManagementSystem:174 - Exiting .....
2024-12-25 09:57:13 INFO  RestaurantOrderManagementSystem:14 - Initializing Log4j
2024-12-25 09:57:13 DEBUG RestaurantOrderManagementSystem:26 -  Main Method Started..
2024-12-25 09:57:25 INFO  RestaurantOrderManagementSystem:776 - Cashier Logged In Successfully...
2024-12-25 09:57:25 INFO  RestaurantOrderManagementSystem:65 - Logged In Successfully
2024-12-25 09:57:29 INFO  RestaurantOrderManagementSystem:738 - Generating Bill...
2024-12-25 09:57:34 INFO  RestaurantOrderManagementSystem:745 - Complete Payment Process....
2024-12-25 09:57:45 INFO  RestaurantOrderManagementSystem:738 - Generating Bill...
2024-12-25 10:01:51 INFO  RestaurantOrderManagementSystem:14 - Initializing Log4j
2024-12-25 10:01:51 DEBUG RestaurantOrderManagementSystem:26 -  Main Method Started..
2024-12-25 10:02:04 INFO  RestaurantOrderManagementSystem:768 - Customer Logged in Successfully...
2024-12-25 10:02:04 INFO  RestaurantOrderManagementSystem:65 - Logged In Successfully
2024-12-25 10:02:04 INFO  RestaurantOrderManagementSystem:159 - User Validated Successfully.....
2024-12-25 10:02:05 INFO  RestaurantOrderManagementSystem:199 - Reserving Table And Placing The Order...
2024-12-25 10:02:22 INFO  RestaurantOrderManagementSystem:222 - Order Placed SuccessFully....
2024-12-25 10:02:24 INFO  RestaurantOrderManagementSystem:237 - Showing Bill...
2024-12-25 10:02:27 INFO  RestaurantOrderManagementSystem:174 - Exiting .....
2024-12-25 10:02:32 INFO  RestaurantOrderManagementSystem:14 - Initializing Log4j
2024-12-25 10:02:32 DEBUG RestaurantOrderManagementSystem:26 -  Main Method Started..
2024-12-25 10:02:43 INFO  RestaurantOrderManagementSystem:776 - Cashier Logged In Successfully...
2024-12-25 10:02:43 INFO  RestaurantOrderManagementSystem:65 - Logged In Successfully
2024-12-25 10:03:07 INFO  RestaurantOrderManagementSystem:745 - Complete Payment Process....
2024-12-25 10:03:50 INFO  RestaurantOrderManagementSystem:14 - Initializing Log4j
2024-12-25 10:03:50 DEBUG RestaurantOrderManagementSystem:26 -  Main Method Started..
2024-12-25 10:04:38 INFO  RestaurantOrderManagementSystem:14 - Initializing Log4j
2024-12-25 10:04:38 DEBUG RestaurantOrderManagementSystem:26 -  Main Method Started..
2024-12-25 10:04:52 INFO  RestaurantOrderManagementSystem:776 - Cashier Logged In Successfully...
2024-12-25 10:04:52 INFO  RestaurantOrderManagementSystem:65 - Logged In Successfully
2024-12-25 10:04:57 INFO  RestaurantOrderManagementSystem:738 - Generating Bill...
2024-12-25 10:05:04 INFO  RestaurantOrderManagementSystem:14 - Initializing Log4j
2024-12-25 10:05:04 DEBUG RestaurantOrderManagementSystem:26 -  Main Method Started..
2024-12-25 10:05:16 INFO  RestaurantOrderManagementSystem:768 - Customer Logged in Successfully...
2024-12-25 10:05:16 INFO  RestaurantOrderManagementSystem:65 - Logged In Successfully
2024-12-25 10:05:16 INFO  RestaurantOrderManagementSystem:159 - User Validated Successfully.....
2024-12-25 10:05:19 INFO  RestaurantOrderManagementSystem:199 - Reserving Table And Placing The Order...
2024-12-25 10:05:41 INFO  RestaurantOrderManagementSystem:222 - Order Placed SuccessFully....
2024-12-25 10:05:48 INFO  RestaurantOrderManagementSystem:174 - Exiting .....
2024-12-25 10:05:52 INFO  RestaurantOrderManagementSystem:14 - Initializing Log4j
2024-12-25 10:05:52 DEBUG RestaurantOrderManagementSystem:26 -  Main Method Started..
2024-12-25 10:06:03 INFO  RestaurantOrderManagementSystem:776 - Cashier Logged In Successfully...
2024-12-25 10:06:03 INFO  RestaurantOrderManagementSystem:65 - Logged In Successfully
2024-12-25 10:06:07 INFO  RestaurantOrderManagementSystem:738 - Generating Bill...
2024-12-25 10:06:14 INFO  RestaurantOrderManagementSystem:745 - Complete Payment Process....
2024-12-25 10:11:41 INFO  RestaurantOrderManagementSystem:14 - Initializing Log4j
2024-12-25 10:11:41 DEBUG RestaurantOrderManagementSystem:26 -  Main Method Started..
2024-12-25 10:12:00 INFO  RestaurantOrderManagementSystem:768 - Customer Logged in Successfully...
2024-12-25 10:12:00 INFO  RestaurantOrderManagementSystem:65 - Logged In Successfully
2024-12-25 10:12:00 INFO  RestaurantOrderManagementSystem:159 - User Validated Successfully.....
2024-12-25 10:12:02 INFO  RestaurantOrderManagementSystem:199 - Reserving Table And Placing The Order...
2024-12-25 10:12:15 INFO  RestaurantOrderManagementSystem:222 - Order Placed SuccessFully....
2024-12-25 10:12:19 INFO  RestaurantOrderManagementSystem:174 - Exiting .....
2024-12-25 10:12:23 INFO  RestaurantOrderManagementSystem:14 - Initializing Log4j
2024-12-25 10:12:23 DEBUG RestaurantOrderManagementSystem:26 -  Main Method Started..
2024-12-25 10:12:35 INFO  RestaurantOrderManagementSystem:776 - Cashier Logged In Successfully...
2024-12-25 10:12:35 INFO  RestaurantOrderManagementSystem:65 - Logged In Successfully
2024-12-25 10:12:38 INFO  RestaurantOrderManagementSystem:738 - Generating Bill...
2024-12-25 10:12:41 INFO  RestaurantOrderManagementSystem:745 - Complete Payment Process....
2024-12-25 10:23:38 INFO  RestaurantOrderManagementSystem:14 - Initializing Log4j
2024-12-25 10:23:38 DEBUG RestaurantOrderManagementSystem:26 -  Main Method Started..
2024-12-25 10:23:53 INFO  RestaurantOrderManagementSystem:776 - Cashier Logged In Successfully...
2024-12-25 10:23:53 INFO  RestaurantOrderManagementSystem:65 - Logged In Successfully
2024-12-25 10:23:58 INFO  RestaurantOrderManagementSystem:738 - Generating Bill...
2024-12-25 10:24:03 INFO  RestaurantOrderManagementSystem:745 - Complete Payment Process....
2024-12-25 10:26:36 INFO  RestaurantOrderManagementSystem:14 - Initializing Log4j
2024-12-25 10:26:36 DEBUG RestaurantOrderManagementSystem:26 -  Main Method Started..
2024-12-25 10:26:50 INFO  RestaurantOrderManagementSystem:781 - Customer Logged in Successfully...
2024-12-25 10:26:50 INFO  RestaurantOrderManagementSystem:65 - Logged In Successfully
2024-12-25 10:26:50 INFO  RestaurantOrderManagementSystem:159 - User Validated Successfully.....
2024-12-25 10:26:52 INFO  RestaurantOrderManagementSystem:199 - Reserving Table And Placing The Order...
2024-12-25 10:27:09 INFO  RestaurantOrderManagementSystem:222 - Order Placed SuccessFully....
2024-12-25 10:27:11 INFO  RestaurantOrderManagementSystem:237 - Showing Bill...
2024-12-25 10:27:16 INFO  RestaurantOrderManagementSystem:253 - Complete Payment Process....
2024-12-25 10:30:17 INFO  RestaurantOrderManagementSystem:14 - Initializing Log4j
2024-12-25 10:30:17 DEBUG RestaurantOrderManagementSystem:26 -  Main Method Started..
2024-12-25 10:30:29 INFO  RestaurantOrderManagementSystem:781 - Customer Logged in Successfully...
2024-12-25 10:30:29 INFO  RestaurantOrderManagementSystem:65 - Logged In Successfully
2024-12-25 10:30:29 INFO  RestaurantOrderManagementSystem:159 - User Validated Successfully.....
2024-12-25 10:30:31 INFO  RestaurantOrderManagementSystem:199 - Reserving Table And Placing The Order...
2024-12-25 10:31:02 INFO  RestaurantOrderManagementSystem:222 - Order Placed SuccessFully....
2024-12-25 10:31:04 INFO  RestaurantOrderManagementSystem:237 - Showing Bill...
2024-12-25 10:31:11 INFO  RestaurantOrderManagementSystem:253 - Complete Payment Process....
2024-12-25 10:32:47 INFO  RestaurantOrderManagementSystem:14 - Initializing Log4j
2024-12-25 10:32:47 DEBUG RestaurantOrderManagementSystem:26 -  Main Method Started..
2024-12-25 10:33:03 INFO  RestaurantOrderManagementSystem:797 - Login Failed!!!
2024-12-25 10:33:03 INFO  RestaurantOrderManagementSystem:71 - Login Failed !!!!
2024-12-25 10:33:16 INFO  RestaurantOrderManagementSystem:781 - Customer Logged in Successfully...
2024-12-25 10:33:16 INFO  RestaurantOrderManagementSystem:65 - Logged In Successfully
2024-12-25 10:33:16 INFO  RestaurantOrderManagementSystem:159 - User Validated Successfully.....
2024-12-25 10:33:18 INFO  RestaurantOrderManagementSystem:199 - Reserving Table And Placing The Order...
2024-12-25 10:33:59 INFO  RestaurantOrderManagementSystem:222 - Order Placed SuccessFully....
2024-12-25 10:34:01 INFO  RestaurantOrderManagementSystem:237 - Showing Bill...
2024-12-25 10:34:05 INFO  RestaurantOrderManagementSystem:253 - Complete Payment Process....
2024-12-25 10:40:49 INFO  RestaurantOrderManagementSystem:14 - Initializing Log4j
2024-12-25 10:40:49 DEBUG RestaurantOrderManagementSystem:26 -  Main Method Started..
2024-12-25 10:41:05 INFO  RestaurantOrderManagementSystem:781 - Customer Logged in Successfully...
2024-12-25 10:41:05 INFO  RestaurantOrderManagementSystem:65 - Logged In Successfully
2024-12-25 10:41:05 INFO  RestaurantOrderManagementSystem:159 - User Validated Successfully.....
2024-12-25 10:41:07 INFO  RestaurantOrderManagementSystem:199 - Reserving Table And Placing The Order...
2024-12-25 10:41:31 INFO  RestaurantOrderManagementSystem:222 - Order Placed SuccessFully....
2024-12-25 10:41:33 INFO  RestaurantOrderManagementSystem:237 - Showing Bill...
2024-12-25 10:41:36 INFO  RestaurantOrderManagementSystem:253 - Complete Payment Process....
2024-12-25 10:42:14 INFO  RestaurantOrderManagementSystem:14 - Initializing Log4j
2024-12-25 10:42:14 DEBUG RestaurantOrderManagementSystem:26 -  Main Method Started..
2024-12-25 10:42:30 INFO  RestaurantOrderManagementSystem:781 - Customer Logged in Successfully...
2024-12-25 10:42:30 INFO  RestaurantOrderManagementSystem:65 - Logged In Successfully
2024-12-25 10:42:30 INFO  RestaurantOrderManagementSystem:159 - User Validated Successfully.....
2024-12-25 10:42:34 INFO  RestaurantOrderManagementSystem:237 - Showing Bill...
2024-12-25 10:42:37 INFO  RestaurantOrderManagementSystem:253 - Complete Payment Process....
2024-12-25 10:43:56 INFO  RestaurantOrderManagementSystem:14 - Initializing Log4j
2024-12-25 10:43:56 DEBUG RestaurantOrderManagementSystem:26 -  Main Method Started..
2024-12-25 10:44:08 INFO  RestaurantOrderManagementSystem:781 - Customer Logged in Successfully...
2024-12-25 10:44:08 INFO  RestaurantOrderManagementSystem:65 - Logged In Successfully
2024-12-25 10:44:08 INFO  RestaurantOrderManagementSystem:159 - User Validated Successfully.....
2024-12-25 10:44:10 INFO  RestaurantOrderManagementSystem:199 - Reserving Table And Placing The Order...
2024-12-25 10:44:27 INFO  RestaurantOrderManagementSystem:222 - Order Placed SuccessFully....
2024-12-25 10:44:29 INFO  RestaurantOrderManagementSystem:237 - Showing Bill...
2024-12-25 10:44:32 INFO  RestaurantOrderManagementSystem:253 - Complete Payment Process....
2024-12-25 10:46:40 INFO  RestaurantOrderManagementSystem:14 - Initializing Log4j
2024-12-25 10:46:40 DEBUG RestaurantOrderManagementSystem:26 -  Main Method Started..
2024-12-25 10:46:51 INFO  RestaurantOrderManagementSystem:781 - Customer Logged in Successfully...
2024-12-25 10:46:51 INFO  RestaurantOrderManagementSystem:65 - Logged In Successfully
2024-12-25 10:46:51 INFO  RestaurantOrderManagementSystem:159 - User Validated Successfully.....
2024-12-25 10:46:53 INFO  RestaurantOrderManagementSystem:199 - Reserving Table And Placing The Order...
2024-12-25 10:47:05 INFO  RestaurantOrderManagementSystem:14 - Initializing Log4j
2024-12-25 10:47:05 DEBUG RestaurantOrderManagementSystem:26 -  Main Method Started..
2024-12-25 10:47:18 INFO  RestaurantOrderManagementSystem:781 - Customer Logged in Successfully...
2024-12-25 10:47:18 INFO  RestaurantOrderManagementSystem:65 - Logged In Successfully
2024-12-25 10:47:18 INFO  RestaurantOrderManagementSystem:159 - User Validated Successfully.....
2024-12-25 10:47:19 INFO  RestaurantOrderManagementSystem:199 - Reserving Table And Placing The Order...
2024-12-25 10:47:57 INFO  RestaurantOrderManagementSystem:222 - Order Placed SuccessFully....
2024-12-25 10:47:58 INFO  RestaurantOrderManagementSystem:237 - Showing Bill...
2024-12-25 10:48:01 INFO  RestaurantOrderManagementSystem:253 - Complete Payment Process....
2024-12-25 10:53:08 INFO  RestaurantOrderManagementSystem:14 - Initializing Log4j
2024-12-25 10:53:08 DEBUG RestaurantOrderManagementSystem:26 -  Main Method Started..
2024-12-25 10:53:34 INFO  RestaurantOrderManagementSystem:781 - Customer Logged in Successfully...
2024-12-25 10:53:34 INFO  RestaurantOrderManagementSystem:65 - Logged In Successfully
2024-12-25 10:53:34 INFO  RestaurantOrderManagementSystem:159 - User Validated Successfully.....
2024-12-25 10:53:35 INFO  RestaurantOrderManagementSystem:199 - Reserving Table And Placing The Order...
2024-12-25 10:53:54 INFO  RestaurantOrderManagementSystem:222 - Order Placed SuccessFully....
2024-12-25 10:53:55 INFO  RestaurantOrderManagementSystem:237 - Showing Bill...
2024-12-25 10:53:59 INFO  RestaurantOrderManagementSystem:253 - Complete Payment Process....
2024-12-25 10:57:13 INFO  RestaurantOrderManagementSystem:14 - Initializing Log4j
2024-12-25 10:57:13 DEBUG RestaurantOrderManagementSystem:26 -  Main Method Started..
2024-12-25 10:57:28 INFO  RestaurantOrderManagementSystem:781 - Customer Logged in Successfully...
2024-12-25 10:57:28 INFO  RestaurantOrderManagementSystem:65 - Logged In Successfully
2024-12-25 10:57:28 INFO  RestaurantOrderManagementSystem:159 - User Validated Successfully.....
2024-12-25 10:57:30 INFO  RestaurantOrderManagementSystem:199 - Reserving Table And Placing The Order...
2024-12-25 10:57:46 INFO  RestaurantOrderManagementSystem:14 - Initializing Log4j
2024-12-25 10:57:46 DEBUG RestaurantOrderManagementSystem:26 -  Main Method Started..
2024-12-25 10:57:59 INFO  RestaurantOrderManagementSystem:781 - Customer Logged in Successfully...
2024-12-25 10:57:59 INFO  RestaurantOrderManagementSystem:65 - Logged In Successfully
2024-12-25 10:57:59 INFO  RestaurantOrderManagementSystem:159 - User Validated Successfully.....
2024-12-25 10:58:00 INFO  RestaurantOrderManagementSystem:199 - Reserving Table And Placing The Order...
2024-12-25 10:58:21 INFO  RestaurantOrderManagementSystem:222 - Order Placed SuccessFully....
2024-12-25 10:58:22 INFO  RestaurantOrderManagementSystem:237 - Showing Bill...
2024-12-25 10:58:24 INFO  RestaurantOrderManagementSystem:253 - Complete Payment Process....
2024-12-25 11:00:24 INFO  RestaurantOrderManagementSystem:14 - Initializing Log4j
2024-12-25 11:00:24 DEBUG RestaurantOrderManagementSystem:26 -  Main Method Started..
2024-12-25 11:00:37 INFO  RestaurantOrderManagementSystem:781 - Customer Logged in Successfully...
2024-12-25 11:00:37 INFO  RestaurantOrderManagementSystem:65 - Logged In Successfully
2024-12-25 11:00:37 INFO  RestaurantOrderManagementSystem:159 - User Validated Successfully.....
2024-12-25 11:00:39 INFO  RestaurantOrderManagementSystem:199 - Reserving Table And Placing The Order...
2024-12-25 11:00:52 INFO  RestaurantOrderManagementSystem:222 - Order Placed SuccessFully....
2024-12-25 11:00:58 INFO  RestaurantOrderManagementSystem:237 - Showing Bill...
2024-12-25 11:10:12 INFO  RestaurantOrderManagementSystem:14 - Initializing Log4j
2024-12-25 11:10:12 DEBUG RestaurantOrderManagementSystem:26 -  Main Method Started..
2024-12-25 11:10:22 INFO  RestaurantOrderManagementSystem:797 - Login Failed!!!
2024-12-25 11:10:22 INFO  RestaurantOrderManagementSystem:71 - Login Failed !!!!
2024-12-25 11:10:35 INFO  RestaurantOrderManagementSystem:797 - Login Failed!!!
2024-12-25 11:10:35 INFO  RestaurantOrderManagementSystem:71 - Login Failed !!!!
2024-12-25 11:10:49 INFO  RestaurantOrderManagementSystem:781 - Customer Logged in Successfully...
2024-12-25 11:10:49 INFO  RestaurantOrderManagementSystem:65 - Logged In Successfully
2024-12-25 11:10:49 INFO  RestaurantOrderManagementSystem:159 - User Validated Successfully.....
2024-12-25 11:10:50 INFO  RestaurantOrderManagementSystem:199 - Reserving Table And Placing The Order...
2024-12-25 11:11:05 INFO  RestaurantOrderManagementSystem:222 - Order Placed SuccessFully....
2024-12-25 11:11:06 INFO  RestaurantOrderManagementSystem:237 - Showing Bill...
2024-12-25 11:11:08 INFO  RestaurantOrderManagementSystem:253 - Complete Payment Process....
2024-12-25 11:16:44 INFO  RestaurantOrderManagementSystem:14 - Initializing Log4j
2024-12-25 11:16:44 DEBUG RestaurantOrderManagementSystem:26 -  Main Method Started..
2024-12-25 11:16:58 INFO  RestaurantOrderManagementSystem:781 - Customer Logged in Successfully...
2024-12-25 11:16:58 INFO  RestaurantOrderManagementSystem:65 - Logged In Successfully
2024-12-25 11:16:58 INFO  RestaurantOrderManagementSystem:159 - User Validated Successfully.....
2024-12-25 11:16:59 INFO  RestaurantOrderManagementSystem:199 - Reserving Table And Placing The Order...
2024-12-25 11:17:12 INFO  RestaurantOrderManagementSystem:222 - Order Placed SuccessFully....
2024-12-25 11:17:14 INFO  RestaurantOrderManagementSystem:237 - Showing Bill...
2024-12-25 11:17:16 INFO  RestaurantOrderManagementSystem:253 - Complete Payment Process....
